#
# There is insufficient memory for the Java Runtime Environment to continue.
# Native memory allocation (malloc) failed to allocate 1098816 bytes for Chunk::new
# Possible reasons:
#   The system is out of physical RAM or swap space
#   The process is running with CompressedOops enabled, and the Java Heap may be blocking the growth of the native heap
# Possible solutions:
#   Reduce memory load on the system
#   Increase physical memory or swap space
#   Check if swap backing store is full
#   Decrease Java heap size (-Xmx/-Xms)
#   Decrease number of Java threads
#   Decrease Java thread stack sizes (-Xss)
#   Set larger code cache with -XX:ReservedCodeCacheSize=
#   JVM is running with Unscaled Compressed Oops mode in which the Java heap is
#     placed in the first 4GB address space. The Java Heap base address is the
#     maximum limit for the native heap growth. Please use -XX:HeapBaseMinAddress
#     to set the Java Heap base and to place the Java Heap above 4GB virtual address.
# This output file may be truncated or incomplete.
#
#  Out of Memory Error (arena.cpp:189), pid=39580, tid=41740
#
# JRE version: OpenJDK Runtime Environment JBR-17.0.6+10-829.5-jcef (17.0.6+10) (build 17.0.6+10-b829.5)
# Java VM: OpenJDK 64-Bit Server VM JBR-17.0.6+10-829.5-jcef (17.0.6+10-b829.5, mixed mode, tiered, compressed oops, compressed class ptrs, g1 gc, windows-amd64)
# No core dump will be written. Minidumps are not enabled by default on client versions of Windows
#

---------------  S U M M A R Y ------------

Command Line: --add-opens=java.base/java.util=ALL-UNNAMED --add-opens=java.base/java.lang=ALL-UNNAMED --add-opens=java.base/java.lang.invoke=ALL-UNNAMED --add-opens=java.base/java.util=ALL-UNNAMED --add-opens=java.prefs/java.util.prefs=ALL-UNNAMED --add-opens=java.prefs/java.util.prefs=ALL-UNNAMED --add-opens=java.base/java.nio.charset=ALL-UNNAMED --add-opens=java.base/java.net=ALL-UNNAMED --add-opens=java.base/java.util.concurrent.atomic=ALL-UNNAMED -XX:MaxMetaspaceSize=256m -XX:+HeapDumpOnOutOfMemoryError -Xms256m -Xmx512m -Dfile.encoding=UTF-8 -Duser.country=CN -Duser.language=zh -Duser.variant org.gradle.launcher.daemon.bootstrap.GradleDaemon 7.3

Host: AMD Ryzen 7 5800H with Radeon Graphics         , 16 cores, 13G,  Windows 11 , 64 bit Build 22000 (10.0.22000.1761)
Time: Mon Jun 15 16:12:48 2026  Windows 11 , 64 bit Build 22000 (10.0.22000.1761) elapsed time: 7.709376 seconds (0d 0h 0m 7s)

---------------  T H R E A D  ---------------

Current thread (0x0000021852890f30):  JavaThread "C2 CompilerThread2" daemon [_thread_in_native, id=41740, stack(0x000000a4b9f00000,0x000000a4ba000000)]


Current CompileTask:
C2:   7709 5826       4       java.beans.Introspector::addMethod (196 bytes)

Stack: [0x000000a4b9f00000,0x000000a4ba000000]
Native frames: (J=compiled Java code, j=interpreted, Vv=VM code, C=native code)
V  [jvm.dll+0x683b4a]
V  [jvm.dll+0x842654]
V  [jvm.dll+0x843dfe]
V  [jvm.dll+0x844463]
V  [jvm.dll+0x249b75]
V  [jvm.dll+0xabcac]
V  [jvm.dll+0xac27c]
V  [jvm.dll+0x2b0eef]
V  [jvm.dll+0x58a207]
V  [jvm.dll+0x2243b2]
V  [jvm.dll+0x22478f]
V  [jvm.dll+0x21e055]
V  [jvm.dll+0x21b51b]
V  [jvm.dll+0x1a4fdd]
V  [jvm.dll+0x22b098]
V  [jvm.dll+0x229159]
V  [jvm.dll+0x7f809c]
V  [jvm.dll+0x7f25fa]
V  [jvm.dll+0x682985]
C  [ucrtbase.dll+0x26c0c]
C  [KERNEL32.DLL+0x15590]
C  [ntdll.dll+0x485b]


---------------  P R O C E S S  ---------------

Threads class SMR info:
_java_thread_list=0x00000218561f8550, length=100, elements={
0x000002183831e220, 0x000002184f5fd010, 0x000002184f5fdbc0, 0x0000021850038ee0,
0x00000218500397a0, 0x000002185003a060, 0x00000218500573f0, 0x000002185005b5d0,
0x000002185005d080, 0x000002185005e250, 0x00000218501f29b0, 0x00000218501faef0,
0x000002185021da30, 0x0000021850248010, 0x0000021850d0fad0, 0x0000021850caab40,
0x0000021850ca9800, 0x0000021850cab9b0, 0x0000021850cabe80, 0x0000021850ca9cd0,
0x0000021850caa1a0, 0x0000021850cab010, 0x0000021850cab4e0, 0x0000021850cac350,
0x0000021850caa670, 0x0000021850ca8990, 0x0000021850ca8e60, 0x00000218529bd220,
0x0000021853110fe0, 0x0000021852890f30, 0x00000218529bd6f0, 0x00000218529bb070,
0x00000218529bb540, 0x00000218529bba10, 0x00000218529bf8a0, 0x00000218529bdbc0,
0x00000218529bbee0, 0x00000218529bc3b0, 0x00000218529bea30, 0x00000218529be090,
0x00000218529bfd70, 0x00000218529be560, 0x00000218529bef00, 0x00000218529c1f20,
0x00000218529bf3d0, 0x00000218529c0240, 0x00000218529c0710, 0x00000218529c0be0,
0x00000218529c1a50, 0x00000218529c1580, 0x00000218529c23f0, 0x00000218529bc880,
0x00000218529bcd50, 0x00000218570570c0, 0x000002185705b420, 0x000002185279b620,
0x000002185705bdc0, 0x0000021857057f30, 0x0000021857059740, 0x000002185705a5b0,
0x000002185705c290, 0x000002185705c760, 0x0000021857059c10, 0x000002185705cc30,
0x0000021857057590, 0x000002185705d100, 0x0000021857057a60, 0x00000218570558b0,
0x0000021857055d80, 0x0000021857056720, 0x000002185705aa80, 0x0000021857056bf0,
0x0000021857058400, 0x00000218570588d0, 0x0000021857058da0, 0x0000021856b00230,
0x0000021856afba00, 0x0000021856aff890, 0x0000021856affd60, 0x0000021856afd210,
0x0000021856afe550, 0x0000021856aff3c0, 0x0000021856afc870, 0x0000021856b023e0,
0x0000021856afb530, 0x0000021856b00700, 0x0000021856afd6e0, 0x0000021856afea20,
0x0000021856afbed0, 0x0000021856b00bd0, 0x0000021856b01f10, 0x0000021856afc3a0,
0x0000021856afcd40, 0x0000021856b010a0, 0x0000021856b01570, 0x0000021856afdbb0,
0x0000021856b01a40, 0x0000021856afe080, 0x0000021856afeef0, 0x0000021856b028b0
}

Java Threads: ( => current thread )
  0x000002183831e220 JavaThread "main" [_thread_blocked, id=11316, stack(0x000000a4b6d00000,0x000000a4b6e00000)]
  0x000002184f5fd010 JavaThread "Reference Handler" daemon [_thread_blocked, id=39704, stack(0x000000a4b7400000,0x000000a4b7500000)]
  0x000002184f5fdbc0 JavaThread "Finalizer" daemon [_thread_blocked, id=17632, stack(0x000000a4b7500000,0x000000a4b7600000)]
  0x0000021850038ee0 JavaThread "Signal Dispatcher" daemon [_thread_blocked, id=4820, stack(0x000000a4b7600000,0x000000a4b7700000)]
  0x00000218500397a0 JavaThread "Attach Listener" daemon [_thread_blocked, id=18212, stack(0x000000a4b7700000,0x000000a4b7800000)]
  0x000002185003a060 JavaThread "Service Thread" daemon [_thread_blocked, id=16156, stack(0x000000a4b7800000,0x000000a4b7900000)]
  0x00000218500573f0 JavaThread "Monitor Deflation Thread" daemon [_thread_blocked, id=18968, stack(0x000000a4b7900000,0x000000a4b7a00000)]
  0x000002185005b5d0 JavaThread "C2 CompilerThread0" daemon [_thread_in_native, id=37528, stack(0x000000a4b7a00000,0x000000a4b7b00000)]
  0x000002185005d080 JavaThread "C1 CompilerThread0" daemon [_thread_blocked, id=14280, stack(0x000000a4b7b00000,0x000000a4b7c00000)]
  0x000002185005e250 JavaThread "Sweeper thread" daemon [_thread_blocked, id=40480, stack(0x000000a4b7c00000,0x000000a4b7d00000)]
  0x00000218501f29b0 JavaThread "C1 CompilerThread1" daemon [_thread_blocked, id=3376, stack(0x000000a4b7d00000,0x000000a4b7e00000)]
  0x00000218501faef0 JavaThread "C1 CompilerThread2" daemon [_thread_blocked, id=20928, stack(0x000000a4b7e00000,0x000000a4b7f00000)]
  0x000002185021da30 JavaThread "Common-Cleaner" daemon [_thread_blocked, id=15804, stack(0x000000a4b7f00000,0x000000a4b8000000)]
  0x0000021850248010 JavaThread "Notification Thread" daemon [_thread_blocked, id=40980, stack(0x000000a4b8000000,0x000000a4b8100000)]
  0x0000021850d0fad0 JavaThread "C1 CompilerThread3" daemon [_thread_blocked, id=9984, stack(0x000000a4b8300000,0x000000a4b8400000)]
  0x0000021850caab40 JavaThread "Daemon health stats" [_thread_blocked, id=43836, stack(0x000000a4b8a00000,0x000000a4b8b00000)]
  0x0000021850ca9800 JavaThread "Incoming local TCP Connector on port 57396" [_thread_in_native, id=41132, stack(0x000000a4b8200000,0x000000a4b8300000)]
  0x0000021850cab9b0 JavaThread "Daemon periodic checks" [_thread_blocked, id=17680, stack(0x000000a4b8900000,0x000000a4b8a00000)]
  0x0000021850cabe80 JavaThread "Daemon" [_thread_blocked, id=42572, stack(0x000000a4b8b00000,0x000000a4b8c00000)]
  0x0000021850ca9cd0 JavaThread "Handler for socket connection from /127.0.0.1:57396 to /127.0.0.1:57397" [_thread_in_native, id=22424, stack(0x000000a4b8c00000,0x000000a4b8d00000)]
  0x0000021850caa1a0 JavaThread "Cancel handler" [_thread_blocked, id=39224, stack(0x000000a4b8d00000,0x000000a4b8e00000)]
  0x0000021850cab010 JavaThread "Daemon worker" [_thread_in_vm, id=19476, stack(0x000000a4b8e00000,0x000000a4b8f00000)]
  0x0000021850cab4e0 JavaThread "Asynchronous log dispatcher for DefaultDaemonConnection: socket connection from /127.0.0.1:57396 to /127.0.0.1:57397" [_thread_blocked, id=5260, stack(0x000000a4b8f00000,0x000000a4b9000000)]
  0x0000021850cac350 JavaThread "Stdin handler" [_thread_blocked, id=16792, stack(0x000000a4b9000000,0x000000a4b9100000)]
  0x0000021850caa670 JavaThread "Daemon client event forwarder" [_thread_blocked, id=20328, stack(0x000000a4b9100000,0x000000a4b9200000)]
  0x0000021850ca8990 JavaThread "Cache worker for journal cache (C:\Users\86132\.gradle\caches\journal-1)" [_thread_blocked, id=43160, stack(0x000000a4b9200000,0x000000a4b9300000)]
  0x0000021850ca8e60 JavaThread "File lock request listener" [_thread_in_native, id=9052, stack(0x000000a4b9c00000,0x000000a4b9d00000)]
  0x00000218529bd220 JavaThread "Cache worker for file hash cache (C:\Users\86132\.gradle\caches\7.3\fileHashes)" [_thread_blocked, id=41360, stack(0x000000a4b9d00000,0x000000a4b9e00000)]
  0x0000021853110fe0 JavaThread "C2 CompilerThread1" daemon [_thread_in_native, id=19156, stack(0x000000a4b9e00000,0x000000a4b9f00000)]
=>0x0000021852890f30 JavaThread "C2 CompilerThread2" daemon [_thread_in_native, id=41740, stack(0x000000a4b9f00000,0x000000a4ba000000)]
  0x00000218529bd6f0 JavaThread "Cache worker for file hash cache (D:\project\liteReader\.gradle\7.3\fileHashes)" [_thread_blocked, id=43900, stack(0x000000a4ba000000,0x000000a4ba100000)]
  0x00000218529bb070 JavaThread "File watcher server" daemon [_thread_in_native, id=43296, stack(0x000000a4ba100000,0x000000a4ba200000)]
  0x00000218529bb540 JavaThread "File watcher consumer" daemon [_thread_blocked, id=42620, stack(0x000000a4ba200000,0x000000a4ba300000)]
  0x00000218529bba10 JavaThread "jar transforms" [_thread_blocked, id=39420, stack(0x000000a4ba300000,0x000000a4ba400000)]
  0x00000218529bf8a0 JavaThread "jar transforms Thread 2" [_thread_blocked, id=40420, stack(0x000000a4ba400000,0x000000a4ba500000)]
  0x00000218529bdbc0 JavaThread "jar transforms Thread 3" [_thread_blocked, id=39856, stack(0x000000a4ba500000,0x000000a4ba600000)]
  0x00000218529bbee0 JavaThread "jar transforms Thread 4" [_thread_blocked, id=13240, stack(0x000000a4ba600000,0x000000a4ba700000)]
  0x00000218529bc3b0 JavaThread "jar transforms Thread 5" [_thread_blocked, id=42228, stack(0x000000a4ba700000,0x000000a4ba800000)]
  0x00000218529bea30 JavaThread "jar transforms Thread 6" [_thread_blocked, id=42324, stack(0x000000a4ba800000,0x000000a4ba900000)]
  0x00000218529be090 JavaThread "jar transforms Thread 7" [_thread_blocked, id=19112, stack(0x000000a4ba900000,0x000000a4baa00000)]
  0x00000218529bfd70 JavaThread "jar transforms Thread 8" [_thread_blocked, id=39340, stack(0x000000a4baa00000,0x000000a4bab00000)]
  0x00000218529be560 JavaThread "jar transforms Thread 9" [_thread_blocked, id=42856, stack(0x000000a4bab00000,0x000000a4bac00000)]
  0x00000218529bef00 JavaThread "jar transforms Thread 10" [_thread_blocked, id=10168, stack(0x000000a4bac00000,0x000000a4bad00000)]
  0x00000218529c1f20 JavaThread "jar transforms Thread 11" [_thread_blocked, id=40812, stack(0x000000a4bad00000,0x000000a4bae00000)]
  0x00000218529bf3d0 JavaThread "jar transforms Thread 12" [_thread_blocked, id=43388, stack(0x000000a4bae00000,0x000000a4baf00000)]
  0x00000218529c0240 JavaThread "jar transforms Thread 13" [_thread_blocked, id=7196, stack(0x000000a4baf00000,0x000000a4bb000000)]
  0x00000218529c0710 JavaThread "jar transforms Thread 14" [_thread_blocked, id=42224, stack(0x000000a4bb000000,0x000000a4bb100000)]
  0x00000218529c0be0 JavaThread "Cache worker for checksums cache (D:\project\liteReader\.gradle\7.3\checksums)" [_thread_blocked, id=40968, stack(0x000000a4bb100000,0x000000a4bb200000)]
  0x00000218529c1a50 JavaThread "Cache worker for cache directory md-supplier (C:\Users\86132\.gradle\caches\7.3\md-supplier)" [_thread_blocked, id=42096, stack(0x000000a4bb200000,0x000000a4bb300000)]
  0x00000218529c1580 JavaThread "Cache worker for cache directory md-rule (C:\Users\86132\.gradle\caches\7.3\md-rule)" [_thread_blocked, id=6384, stack(0x000000a4bb300000,0x000000a4bb400000)]
  0x00000218529c23f0 JavaThread "Cache worker for execution history cache (C:\Users\86132\.gradle\caches\7.3\executionHistory)" [_thread_blocked, id=42504, stack(0x000000a4bb400000,0x000000a4bb500000)]
  0x00000218529bc880 JavaThread "jar transforms Thread 15" [_thread_blocked, id=11712, stack(0x000000a4bb500000,0x000000a4bb600000)]
  0x00000218529bcd50 JavaThread "jar transforms Thread 16" [_thread_blocked, id=38696, stack(0x000000a4bb600000,0x000000a4bb700000)]
  0x00000218570570c0 JavaThread "Cache worker for file content cache (C:\Users\86132\.gradle\caches\7.3\fileContent)" [_thread_blocked, id=16408, stack(0x000000a4bb800000,0x000000a4bb900000)]
  0x000002185705b420 JavaThread "Cache worker for dependencies-accessors (D:\project\liteReader\.gradle\7.3\dependencies-accessors)" [_thread_blocked, id=3324, stack(0x000000a4bb700000,0x000000a4bb800000)]
  0x000002185279b620 JavaThread "C2 CompilerThread3" daemon [_thread_in_native, id=11580, stack(0x000000a4bb900000,0x000000a4bba00000)]
  0x000002185705bdc0 JavaThread "Cache worker for Build Output Cleanup Cache (D:\project\liteReader\.gradle\buildOutputCleanup)" [_thread_blocked, id=18436, stack(0x000000a4bba00000,0x000000a4bbb00000)]
  0x0000021857057f30 JavaThread "Unconstrained build operations" [_thread_blocked, id=3688, stack(0x000000a4bbb00000,0x000000a4bbc00000)]
  0x0000021857059740 JavaThread "Unconstrained build operations Thread 2" [_thread_blocked, id=15372, stack(0x000000a4bbc00000,0x000000a4bbd00000)]
  0x000002185705a5b0 JavaThread "Unconstrained build operations Thread 3" [_thread_blocked, id=40816, stack(0x000000a4bbd00000,0x000000a4bbe00000)]
  0x000002185705c290 JavaThread "Unconstrained build operations Thread 4" [_thread_blocked, id=41332, stack(0x000000a4bbe00000,0x000000a4bbf00000)]
  0x000002185705c760 JavaThread "Unconstrained build operations Thread 5" [_thread_blocked, id=2680, stack(0x000000a4bbf00000,0x000000a4bc000000)]
  0x0000021857059c10 JavaThread "Unconstrained build operations Thread 6" [_thread_blocked, id=39072, stack(0x000000a4bc000000,0x000000a4bc100000)]
  0x000002185705cc30 JavaThread "Unconstrained build operations Thread 7" [_thread_blocked, id=42052, stack(0x000000a4bc100000,0x000000a4bc200000)]
  0x0000021857057590 JavaThread "Unconstrained build operations Thread 8" [_thread_blocked, id=41420, stack(0x000000a4bc200000,0x000000a4bc300000)]
  0x000002185705d100 JavaThread "Unconstrained build operations Thread 9" [_thread_blocked, id=19892, stack(0x000000a4bc300000,0x000000a4bc400000)]
  0x0000021857057a60 JavaThread "Unconstrained build operations Thread 10" [_thread_blocked, id=40996, stack(0x000000a4bc400000,0x000000a4bc500000)]
  0x00000218570558b0 JavaThread "Unconstrained build operations Thread 11" [_thread_blocked, id=15440, stack(0x000000a4bc500000,0x000000a4bc600000)]
  0x0000021857055d80 JavaThread "Unconstrained build operations Thread 12" [_thread_blocked, id=42060, stack(0x000000a4bc600000,0x000000a4bc700000)]
  0x0000021857056720 JavaThread "Unconstrained build operations Thread 13" [_thread_blocked, id=37940, stack(0x000000a4bc700000,0x000000a4bc800000)]
  0x000002185705aa80 JavaThread "Unconstrained build operations Thread 14" [_thread_blocked, id=37764, stack(0x000000a4bc800000,0x000000a4bc900000)]
  0x0000021857056bf0 JavaThread "Unconstrained build operations Thread 15" [_thread_blocked, id=16452, stack(0x000000a4bc900000,0x000000a4bca00000)]
  0x0000021857058400 JavaThread "Unconstrained build operations Thread 16" [_thread_blocked, id=10932, stack(0x000000a4bca00000,0x000000a4bcb00000)]
  0x00000218570588d0 JavaThread "Unconstrained build operations Thread 17" [_thread_blocked, id=20572, stack(0x000000a4bcb00000,0x000000a4bcc00000)]
  0x0000021857058da0 JavaThread "Unconstrained build operations Thread 18" [_thread_blocked, id=41404, stack(0x000000a4bcc00000,0x000000a4bcd00000)]
  0x0000021856b00230 JavaThread "Unconstrained build operations Thread 19" [_thread_blocked, id=18692, stack(0x000000a4bcd00000,0x000000a4bce00000)]
  0x0000021856afba00 JavaThread "Unconstrained build operations Thread 20" [_thread_blocked, id=41548, stack(0x000000a4bce00000,0x000000a4bcf00000)]
  0x0000021856aff890 JavaThread "Unconstrained build operations Thread 21" [_thread_blocked, id=41596, stack(0x000000a4bcf00000,0x000000a4bd000000)]
  0x0000021856affd60 JavaThread "Unconstrained build operations Thread 22" [_thread_blocked, id=42044, stack(0x000000a4bd000000,0x000000a4bd100000)]
  0x0000021856afd210 JavaThread "Unconstrained build operations Thread 23" [_thread_blocked, id=12864, stack(0x000000a4bd100000,0x000000a4bd200000)]
  0x0000021856afe550 JavaThread "Unconstrained build operations Thread 24" [_thread_blocked, id=21652, stack(0x000000a4bd200000,0x000000a4bd300000)]
  0x0000021856aff3c0 JavaThread "Unconstrained build operations Thread 25" [_thread_blocked, id=40776, stack(0x000000a4bd300000,0x000000a4bd400000)]
  0x0000021856afc870 JavaThread "Unconstrained build operations Thread 26" [_thread_blocked, id=41584, stack(0x000000a4bd400000,0x000000a4bd500000)]
  0x0000021856b023e0 JavaThread "Unconstrained build operations Thread 27" [_thread_blocked, id=3568, stack(0x000000a4bd500000,0x000000a4bd600000)]
  0x0000021856afb530 JavaThread "Unconstrained build operations Thread 28" [_thread_blocked, id=2760, stack(0x000000a4bd600000,0x000000a4bd700000)]
  0x0000021856b00700 JavaThread "Unconstrained build operations Thread 29" [_thread_blocked, id=40196, stack(0x000000a4bd700000,0x000000a4bd800000)]
  0x0000021856afd6e0 JavaThread "Unconstrained build operations Thread 30" [_thread_blocked, id=15628, stack(0x000000a4bd800000,0x000000a4bd900000)]
  0x0000021856afea20 JavaThread "Unconstrained build operations Thread 31" [_thread_blocked, id=42576, stack(0x000000a4bd900000,0x000000a4bda00000)]
  0x0000021856afbed0 JavaThread "Unconstrained build operations Thread 32" [_thread_blocked, id=18668, stack(0x000000a4bda00000,0x000000a4bdb00000)]
  0x0000021856b00bd0 JavaThread "Unconstrained build operations Thread 33" [_thread_blocked, id=42684, stack(0x000000a4bdb00000,0x000000a4bdc00000)]
  0x0000021856b01f10 JavaThread "Unconstrained build operations Thread 34" [_thread_blocked, id=38292, stack(0x000000a4bdc00000,0x000000a4bdd00000)]
  0x0000021856afc3a0 JavaThread "Unconstrained build operations Thread 35" [_thread_blocked, id=43352, stack(0x000000a4bdd00000,0x000000a4bde00000)]
  0x0000021856afcd40 JavaThread "Unconstrained build operations Thread 36" [_thread_blocked, id=43764, stack(0x000000a4bde00000,0x000000a4bdf00000)]
  0x0000021856b010a0 JavaThread "Unconstrained build operations Thread 37" [_thread_blocked, id=39628, stack(0x000000a4bdf00000,0x000000a4be000000)]
  0x0000021856b01570 JavaThread "Unconstrained build operations Thread 38" [_thread_blocked, id=3176, stack(0x000000a4be000000,0x000000a4be100000)]
  0x0000021856afdbb0 JavaThread "Unconstrained build operations Thread 39" [_thread_blocked, id=22340, stack(0x000000a4be100000,0x000000a4be200000)]
  0x0000021856b01a40 JavaThread "Unconstrained build operations Thread 40" [_thread_blocked, id=41656, stack(0x000000a4be200000,0x000000a4be300000)]
  0x0000021856afe080 JavaThread "Unconstrained build operations Thread 41" [_thread_blocked, id=5792, stack(0x000000a4be300000,0x000000a4be400000)]
  0x0000021856afeef0 JavaThread "Unconstrained build operations Thread 42" [_thread_blocked, id=15676, stack(0x000000a4be400000,0x000000a4be500000)]
  0x0000021856b028b0 JavaThread "Memory manager" [_thread_blocked, id=17012, stack(0x000000a4be500000,0x000000a4be600000)]

Other Threads:
  0x000002184f5dcca0 VMThread "VM Thread" [stack: 0x000000a4b7300000,0x000000a4b7400000] [id=12464]
  0x000002185024bc80 WatcherThread [stack: 0x000000a4b8100000,0x000000a4b8200000] [id=21508]
  0x000002183834e820 GCTaskThread "GC Thread#0" [stack: 0x000000a4b6e00000,0x000000a4b6f00000] [id=14912]
  0x0000021850d04aa0 GCTaskThread "GC Thread#1" [stack: 0x000000a4b8400000,0x000000a4b8500000] [id=39576]
  0x0000021850c6cb70 GCTaskThread "GC Thread#2" [stack: 0x000000a4b8500000,0x000000a4b8600000] [id=39252]
  0x0000021850c6ce20 GCTaskThread "GC Thread#3" [stack: 0x000000a4b8600000,0x000000a4b8700000] [id=37520]
  0x0000021850c6d0d0 GCTaskThread "GC Thread#4" [stack: 0x000000a4b8700000,0x000000a4b8800000] [id=17356]
  0x0000021851171640 GCTaskThread "GC Thread#5" [stack: 0x000000a4b8800000,0x000000a4b8900000] [id=17128]
  0x0000021853888bc0 GCTaskThread "GC Thread#6" [stack: 0x000000a4b9300000,0x000000a4b9400000] [id=43208]
  0x0000021853887e50 GCTaskThread "GC Thread#7" [stack: 0x000000a4b9400000,0x000000a4b9500000] [id=38596]
  0x0000021853888660 GCTaskThread "GC Thread#8" [stack: 0x000000a4b9500000,0x000000a4b9600000] [id=42764]
  0x0000021853889120 GCTaskThread "GC Thread#9" [stack: 0x000000a4b9600000,0x000000a4b9700000] [id=42304]
  0x0000021853887640 GCTaskThread "GC Thread#10" [stack: 0x000000a4b9700000,0x000000a4b9800000] [id=10772]
  0x0000021853888910 GCTaskThread "GC Thread#11" [stack: 0x000000a4b9800000,0x000000a4b9900000] [id=43988]
  0x0000021853888100 GCTaskThread "GC Thread#12" [stack: 0x000000a4b9900000,0x000000a4b9a00000] [id=38748]
  0x00000218383538c0 ConcurrentGCThread "G1 Main Marker" [stack: 0x000000a4b6f00000,0x000000a4b7000000] [id=1996]
  0x0000021838355180 ConcurrentGCThread "G1 Conc#0" [stack: 0x000000a4b7000000,0x000000a4b7100000] [id=38824]
  0x00000218538878f0 ConcurrentGCThread "G1 Conc#1" [stack: 0x000000a4b9a00000,0x000000a4b9b00000] [id=43964]
  0x0000021853887ba0 ConcurrentGCThread "G1 Conc#2" [stack: 0x000000a4b9b00000,0x000000a4b9c00000] [id=42928]
  0x00000218383edea0 ConcurrentGCThread "G1 Refine#0" [stack: 0x000000a4b7100000,0x000000a4b7200000] [id=24756]
  0x00000218383ee760 ConcurrentGCThread "G1 Service" [stack: 0x000000a4b7200000,0x000000a4b7300000] [id=42212]

Threads with active compile tasks:
C2 CompilerThread0     7789 5782   !   4       com.google.common.reflect.TypeVisitor::visit (244 bytes)
C2 CompilerThread1     7789 5884       4       java.lang.Class::getMethodsRecursive (99 bytes)
C2 CompilerThread2     7790 5826       4       java.beans.Introspector::addMethod (196 bytes)
C2 CompilerThread3     7790 5828   !   4       com.sun.beans.TypeResolver::resolve (261 bytes)
C2 CompilerThread4     7790 5941 %     4       sun.security.provider.SHA2::implCompress0 @ 27 (490 bytes)

VM state: not at safepoint (normal execution)

VM Mutex/Monitor currently owned by a thread: None

Heap address: 0x00000000e0000000, size: 512 MB, Compressed Oops mode: 32-bit

CDS archive(s) not mapped
Compressed class space mapped at: 0x0000000100000000-0x000000010d000000, reserved size: 218103808
Narrow klass base: 0x0000000000000000, Narrow klass shift: 3, Narrow klass range: 0x10d000000

GC Precious Log:
 CPUs: 16 total, 16 available
 Memory: 14188M
 Large Page Support: Disabled
 NUMA Support: Disabled
 Compressed Oops: Enabled (32-bit)
 Heap Region Size: 1M
 Heap Min Capacity: 256M
 Heap Initial Capacity: 256M
 Heap Max Capacity: 512M
 Pre-touch: Disabled
 Parallel Workers: 13
 Concurrent Workers: 3
 Concurrent Refinement Workers: 13
 Periodic GC: Disabled

Heap:
 garbage-first heap   total 262144K, used 114298K [0x00000000e0000000, 0x0000000100000000)
  region size 1024K, 55 young (56320K), 2 survivors (2048K)
 Metaspace       used 55779K, committed 56448K, reserved 262144K
  class space    used 7444K, committed 7744K, reserved 212992K

Heap Regions: E=young(eden), S=young(survivor), O=old, HS=humongous(starts), HC=humongous(continues), CS=collection set, F=free, OA=open archive, CA=closed archive, TAMS=top-at-mark-start (previous, next)
|   0|0x00000000e0000000, 0x00000000e0100000, 0x00000000e0100000|100%| O|  |TAMS 0x00000000e0100000, 0x00000000e0000000| Untracked 
|   1|0x00000000e0100000, 0x00000000e0200000, 0x00000000e0200000|100%| O|  |TAMS 0x00000000e0200000, 0x00000000e0100000| Untracked 
|   2|0x00000000e0200000, 0x00000000e0300000, 0x00000000e0300000|100%| O|  |TAMS 0x00000000e0200000, 0x00000000e0200000| Untracked 
|   3|0x00000000e0300000, 0x00000000e0400000, 0x00000000e0400000|100%|HS|  |TAMS 0x00000000e0400000, 0x00000000e0300000| Complete 
|   4|0x00000000e0400000, 0x00000000e0500000, 0x00000000e0500000|100%|HC|  |TAMS 0x00000000e0500000, 0x00000000e0400000| Complete 
|   5|0x00000000e0500000, 0x00000000e0600000, 0x00000000e0600000|100%|HC|  |TAMS 0x00000000e0600000, 0x00000000e0500000| Complete 
|   6|0x00000000e0600000, 0x00000000e0700000, 0x00000000e0700000|100%| O|  |TAMS 0x00000000e0700000, 0x00000000e0600000| Untracked 
|   7|0x00000000e0700000, 0x00000000e0800000, 0x00000000e0800000|100%| O|  |TAMS 0x00000000e0800000, 0x00000000e0700000| Untracked 
|   8|0x00000000e0800000, 0x00000000e0900000, 0x00000000e0900000|100%| O|  |TAMS 0x00000000e0900000, 0x00000000e0800000| Untracked 
|   9|0x00000000e0900000, 0x00000000e0a00000, 0x00000000e0a00000|100%| O|  |TAMS 0x00000000e0a00000, 0x00000000e0900000| Untracked 
|  10|0x00000000e0a00000, 0x00000000e0b00000, 0x00000000e0b00000|100%| O|  |TAMS 0x00000000e0b00000, 0x00000000e0a00000| Untracked 
|  11|0x00000000e0b00000, 0x00000000e0c00000, 0x00000000e0c00000|100%|HS|  |TAMS 0x00000000e0c00000, 0x00000000e0b00000| Complete 
|  12|0x00000000e0c00000, 0x00000000e0d00000, 0x00000000e0d00000|100%|HC|  |TAMS 0x00000000e0d00000, 0x00000000e0c00000| Complete 
|  13|0x00000000e0d00000, 0x00000000e0e00000, 0x00000000e0e00000|100%|HS|  |TAMS 0x00000000e0e00000, 0x00000000e0d00000| Complete 
|  14|0x00000000e0e00000, 0x00000000e0f00000, 0x00000000e0f00000|100%|HC|  |TAMS 0x00000000e0f00000, 0x00000000e0e00000| Complete 
|  15|0x00000000e0f00000, 0x00000000e1000000, 0x00000000e1000000|100%|HC|  |TAMS 0x00000000e1000000, 0x00000000e0f00000| Complete 
|  16|0x00000000e1000000, 0x00000000e1100000, 0x00000000e1100000|100%|HS|  |TAMS 0x00000000e1100000, 0x00000000e1000000| Complete 
|  17|0x00000000e1100000, 0x00000000e1200000, 0x00000000e1200000|100%|HC|  |TAMS 0x00000000e1200000, 0x00000000e1100000| Complete 
|  18|0x00000000e1200000, 0x00000000e1300000, 0x00000000e1300000|100%|HC|  |TAMS 0x00000000e1300000, 0x00000000e1200000| Complete 
|  19|0x00000000e1300000, 0x00000000e1400000, 0x00000000e1400000|100%|HS|  |TAMS 0x00000000e1400000, 0x00000000e1300000| Complete 
|  20|0x00000000e1400000, 0x00000000e1500000, 0x00000000e1500000|100%|HC|  |TAMS 0x00000000e1500000, 0x00000000e1400000| Complete 
|  21|0x00000000e1500000, 0x00000000e1600000, 0x00000000e1600000|100%|HC|  |TAMS 0x00000000e1600000, 0x00000000e1500000| Complete 
|  22|0x00000000e1600000, 0x00000000e1700000, 0x00000000e1700000|100%| O|  |TAMS 0x00000000e1700000, 0x00000000e1600000| Untracked 
|  23|0x00000000e1700000, 0x00000000e1800000, 0x00000000e1800000|100%| O|  |TAMS 0x00000000e1800000, 0x00000000e1700000| Untracked 
|  24|0x00000000e1800000, 0x00000000e1800000, 0x00000000e1900000|  0%| F|  |TAMS 0x00000000e1800000, 0x00000000e1800000| Untracked 
|  25|0x00000000e1900000, 0x00000000e1a00000, 0x00000000e1a00000|100%| O|  |TAMS 0x00000000e1a00000, 0x00000000e1900000| Untracked 
|  26|0x00000000e1a00000, 0x00000000e1b00000, 0x00000000e1b00000|100%| O|  |TAMS 0x00000000e1b00000, 0x00000000e1a00000| Untracked 
|  27|0x00000000e1b00000, 0x00000000e1c00000, 0x00000000e1c00000|100%| O|  |TAMS 0x00000000e1c00000, 0x00000000e1b00000| Untracked 
|  28|0x00000000e1c00000, 0x00000000e1d00000, 0x00000000e1d00000|100%| O|  |TAMS 0x00000000e1d00000, 0x00000000e1c00000| Untracked 
|  29|0x00000000e1d00000, 0x00000000e1e00000, 0x00000000e1e00000|100%| O|  |TAMS 0x00000000e1e00000, 0x00000000e1d00000| Untracked 
|  30|0x00000000e1e00000, 0x00000000e1f00000, 0x00000000e1f00000|100%| O|  |TAMS 0x00000000e1f00000, 0x00000000e1e00000| Untracked 
|  31|0x00000000e1f00000, 0x00000000e2000000, 0x00000000e2000000|100%| O|  |TAMS 0x00000000e2000000, 0x00000000e1f00000| Untracked 
|  32|0x00000000e2000000, 0x00000000e2100000, 0x00000000e2100000|100%| O|  |TAMS 0x00000000e2100000, 0x00000000e2000000| Untracked 
|  33|0x00000000e2100000, 0x00000000e2200000, 0x00000000e2200000|100%| O|  |TAMS 0x00000000e2200000, 0x00000000e2100000| Untracked 
|  34|0x00000000e2200000, 0x00000000e2300000, 0x00000000e2300000|100%| O|  |TAMS 0x00000000e220b800, 0x00000000e2200000| Untracked 
|  35|0x00000000e2300000, 0x00000000e2400000, 0x00000000e2400000|100%| O|  |TAMS 0x00000000e2300000, 0x00000000e2300000| Untracked 
|  36|0x00000000e2400000, 0x00000000e2500000, 0x00000000e2500000|100%| O|  |TAMS 0x00000000e2400000, 0x00000000e2400000| Untracked 
|  37|0x00000000e2500000, 0x00000000e2600000, 0x00000000e2600000|100%|HS|  |TAMS 0x00000000e2500000, 0x00000000e2500000| Complete 
|  38|0x00000000e2600000, 0x00000000e2700000, 0x00000000e2700000|100%|HC|  |TAMS 0x00000000e2600000, 0x00000000e2600000| Complete 
|  39|0x00000000e2700000, 0x00000000e2800000, 0x00000000e2800000|100%|HC|  |TAMS 0x00000000e2700000, 0x00000000e2700000| Complete 
|  40|0x00000000e2800000, 0x00000000e2900000, 0x00000000e2900000|100%|HS|  |TAMS 0x00000000e2800000, 0x00000000e2800000| Complete 
|  41|0x00000000e2900000, 0x00000000e2a00000, 0x00000000e2a00000|100%|HC|  |TAMS 0x00000000e2900000, 0x00000000e2900000| Complete 
|  42|0x00000000e2a00000, 0x00000000e2b00000, 0x00000000e2b00000|100%|HC|  |TAMS 0x00000000e2a00000, 0x00000000e2a00000| Complete 
|  43|0x00000000e2b00000, 0x00000000e2c00000, 0x00000000e2c00000|100%|HS|  |TAMS 0x00000000e2b00000, 0x00000000e2b00000| Complete 
|  44|0x00000000e2c00000, 0x00000000e2d00000, 0x00000000e2d00000|100%|HC|  |TAMS 0x00000000e2c00000, 0x00000000e2c00000| Complete 
|  45|0x00000000e2d00000, 0x00000000e2e00000, 0x00000000e2e00000|100%|HC|  |TAMS 0x00000000e2d00000, 0x00000000e2d00000| Complete 
|  46|0x00000000e2e00000, 0x00000000e2f00000, 0x00000000e2f00000|100%| O|  |TAMS 0x00000000e2e00000, 0x00000000e2e00000| Untracked 
|  47|0x00000000e2f00000, 0x00000000e3000000, 0x00000000e3000000|100%| O|  |TAMS 0x00000000e2f00000, 0x00000000e2f00000| Untracked 
|  48|0x00000000e3000000, 0x00000000e3100000, 0x00000000e3100000|100%| O|  |TAMS 0x00000000e3000000, 0x00000000e3000000| Untracked 
|  49|0x00000000e3100000, 0x00000000e3200000, 0x00000000e3200000|100%| O|  |TAMS 0x00000000e3100000, 0x00000000e3100000| Untracked 
|  50|0x00000000e3200000, 0x00000000e3300000, 0x00000000e3300000|100%| O|  |TAMS 0x00000000e3200000, 0x00000000e3200000| Untracked 
|  51|0x00000000e3300000, 0x00000000e3400000, 0x00000000e3400000|100%| O|  |TAMS 0x00000000e3300000, 0x00000000e3300000| Untracked 
|  52|0x00000000e3400000, 0x00000000e3500000, 0x00000000e3500000|100%| O|  |TAMS 0x00000000e3400000, 0x00000000e3400000| Untracked 
|  53|0x00000000e3500000, 0x00000000e3600000, 0x00000000e3600000|100%| O|  |TAMS 0x00000000e3500000, 0x00000000e3500000| Untracked 
|  54|0x00000000e3600000, 0x00000000e3700000, 0x00000000e3700000|100%| O|  |TAMS 0x00000000e3600000, 0x00000000e3600000| Untracked 
|  55|0x00000000e3700000, 0x00000000e3800000, 0x00000000e3800000|100%| O|  |TAMS 0x00000000e3700000, 0x00000000e3700000| Untracked 
|  56|0x00000000e3800000, 0x00000000e3900000, 0x00000000e3900000|100%| O|  |TAMS 0x00000000e3800000, 0x00000000e3800000| Untracked 
|  57|0x00000000e3900000, 0x00000000e3a00000, 0x00000000e3a00000|100%| O|  |TAMS 0x00000000e3900000, 0x00000000e3900000| Untracked 
|  58|0x00000000e3a00000, 0x00000000e3a9ea00, 0x00000000e3b00000| 61%| O|  |TAMS 0x00000000e3a00000, 0x00000000e3a00000| Untracked 
|  59|0x00000000e3b00000, 0x00000000e3b00000, 0x00000000e3c00000|  0%| F|  |TAMS 0x00000000e3b00000, 0x00000000e3b00000| Untracked 
|  60|0x00000000e3c00000, 0x00000000e3c00000, 0x00000000e3d00000|  0%| F|  |TAMS 0x00000000e3c00000, 0x00000000e3c00000| Untracked 
|  61|0x00000000e3d00000, 0x00000000e3d00000, 0x00000000e3e00000|  0%| F|  |TAMS 0x00000000e3d00000, 0x00000000e3d00000| Untracked 
|  62|0x00000000e3e00000, 0x00000000e3e00000, 0x00000000e3f00000|  0%| F|  |TAMS 0x00000000e3e00000, 0x00000000e3e00000| Untracked 
|  63|0x00000000e3f00000, 0x00000000e3f00000, 0x00000000e4000000|  0%| F|  |TAMS 0x00000000e3f00000, 0x00000000e3f00000| Untracked 
|  64|0x00000000e4000000, 0x00000000e4000000, 0x00000000e4100000|  0%| F|  |TAMS 0x00000000e4000000, 0x00000000e4000000| Untracked 
|  65|0x00000000e4100000, 0x00000000e4100000, 0x00000000e4200000|  0%| F|  |TAMS 0x00000000e4100000, 0x00000000e4100000| Untracked 
|  66|0x00000000e4200000, 0x00000000e4200000, 0x00000000e4300000|  0%| F|  |TAMS 0x00000000e4200000, 0x00000000e4200000| Untracked 
|  67|0x00000000e4300000, 0x00000000e4300000, 0x00000000e4400000|  0%| F|  |TAMS 0x00000000e4300000, 0x00000000e4300000| Untracked 
|  68|0x00000000e4400000, 0x00000000e4400000, 0x00000000e4500000|  0%| F|  |TAMS 0x00000000e4400000, 0x00000000e4400000| Untracked 
|  69|0x00000000e4500000, 0x00000000e4500000, 0x00000000e4600000|  0%| F|  |TAMS 0x00000000e4500000, 0x00000000e4500000| Untracked 
|  70|0x00000000e4600000, 0x00000000e4600000, 0x00000000e4700000|  0%| F|  |TAMS 0x00000000e4600000, 0x00000000e4600000| Untracked 
|  71|0x00000000e4700000, 0x00000000e4700000, 0x00000000e4800000|  0%| F|  |TAMS 0x00000000e4700000, 0x00000000e4700000| Untracked 
|  72|0x00000000e4800000, 0x00000000e4800000, 0x00000000e4900000|  0%| F|  |TAMS 0x00000000e4800000, 0x00000000e4800000| Untracked 
|  73|0x00000000e4900000, 0x00000000e4900000, 0x00000000e4a00000|  0%| F|  |TAMS 0x00000000e4900000, 0x00000000e4900000| Untracked 
|  74|0x00000000e4a00000, 0x00000000e4a00000, 0x00000000e4b00000|  0%| F|  |TAMS 0x00000000e4a00000, 0x00000000e4a00000| Untracked 
|  75|0x00000000e4b00000, 0x00000000e4b00000, 0x00000000e4c00000|  0%| F|  |TAMS 0x00000000e4b00000, 0x00000000e4b00000| Untracked 
|  76|0x00000000e4c00000, 0x00000000e4c00000, 0x00000000e4d00000|  0%| F|  |TAMS 0x00000000e4c00000, 0x00000000e4c00000| Untracked 
|  77|0x00000000e4d00000, 0x00000000e4d00000, 0x00000000e4e00000|  0%| F|  |TAMS 0x00000000e4d00000, 0x00000000e4d00000| Untracked 
|  78|0x00000000e4e00000, 0x00000000e4e00000, 0x00000000e4f00000|  0%| F|  |TAMS 0x00000000e4e00000, 0x00000000e4e00000| Untracked 
|  79|0x00000000e4f00000, 0x00000000e4f00000, 0x00000000e5000000|  0%| F|  |TAMS 0x00000000e4f00000, 0x00000000e4f00000| Untracked 
|  80|0x00000000e5000000, 0x00000000e5000000, 0x00000000e5100000|  0%| F|  |TAMS 0x00000000e5000000, 0x00000000e5000000| Untracked 
|  81|0x00000000e5100000, 0x00000000e5100000, 0x00000000e5200000|  0%| F|  |TAMS 0x00000000e5100000, 0x00000000e5100000| Untracked 
|  82|0x00000000e5200000, 0x00000000e5200000, 0x00000000e5300000|  0%| F|  |TAMS 0x00000000e5200000, 0x00000000e5200000| Untracked 
|  83|0x00000000e5300000, 0x00000000e5300000, 0x00000000e5400000|  0%| F|  |TAMS 0x00000000e5300000, 0x00000000e5300000| Untracked 
|  84|0x00000000e5400000, 0x00000000e5400000, 0x00000000e5500000|  0%| F|  |TAMS 0x00000000e5400000, 0x00000000e5400000| Untracked 
|  85|0x00000000e5500000, 0x00000000e5500000, 0x00000000e5600000|  0%| F|  |TAMS 0x00000000e5500000, 0x00000000e5500000| Untracked 
|  86|0x00000000e5600000, 0x00000000e5600000, 0x00000000e5700000|  0%| F|  |TAMS 0x00000000e5600000, 0x00000000e5600000| Untracked 
|  87|0x00000000e5700000, 0x00000000e5700000, 0x00000000e5800000|  0%| F|  |TAMS 0x00000000e5700000, 0x00000000e5700000| Untracked 
|  88|0x00000000e5800000, 0x00000000e5800000, 0x00000000e5900000|  0%| F|  |TAMS 0x00000000e5800000, 0x00000000e5800000| Untracked 
|  89|0x00000000e5900000, 0x00000000e5900000, 0x00000000e5a00000|  0%| F|  |TAMS 0x00000000e5900000, 0x00000000e5900000| Untracked 
|  90|0x00000000e5a00000, 0x00000000e5a00000, 0x00000000e5b00000|  0%| F|  |TAMS 0x00000000e5a00000, 0x00000000e5a00000| Untracked 
|  91|0x00000000e5b00000, 0x00000000e5b00000, 0x00000000e5c00000|  0%| F|  |TAMS 0x00000000e5b00000, 0x00000000e5b00000| Untracked 
|  92|0x00000000e5c00000, 0x00000000e5c00000, 0x00000000e5d00000|  0%| F|  |TAMS 0x00000000e5c00000, 0x00000000e5c00000| Untracked 
|  93|0x00000000e5d00000, 0x00000000e5d00000, 0x00000000e5e00000|  0%| F|  |TAMS 0x00000000e5d00000, 0x00000000e5d00000| Untracked 
|  94|0x00000000e5e00000, 0x00000000e5e00000, 0x00000000e5f00000|  0%| F|  |TAMS 0x00000000e5e00000, 0x00000000e5e00000| Untracked 
|  95|0x00000000e5f00000, 0x00000000e5f00000, 0x00000000e6000000|  0%| F|  |TAMS 0x00000000e5f00000, 0x00000000e5f00000| Untracked 
|  96|0x00000000e6000000, 0x00000000e6000000, 0x00000000e6100000|  0%| F|  |TAMS 0x00000000e6000000, 0x00000000e6000000| Untracked 
|  97|0x00000000e6100000, 0x00000000e6100000, 0x00000000e6200000|  0%| F|  |TAMS 0x00000000e6100000, 0x00000000e6100000| Untracked 
|  98|0x00000000e6200000, 0x00000000e6200000, 0x00000000e6300000|  0%| F|  |TAMS 0x00000000e6200000, 0x00000000e6200000| Untracked 
|  99|0x00000000e6300000, 0x00000000e6300000, 0x00000000e6400000|  0%| F|  |TAMS 0x00000000e6300000, 0x00000000e6300000| Untracked 
| 100|0x00000000e6400000, 0x00000000e6400000, 0x00000000e6500000|  0%| F|  |TAMS 0x00000000e6400000, 0x00000000e6400000| Untracked 
| 101|0x00000000e6500000, 0x00000000e6500000, 0x00000000e6600000|  0%| F|  |TAMS 0x00000000e6500000, 0x00000000e6500000| Untracked 
| 102|0x00000000e6600000, 0x00000000e6600000, 0x00000000e6700000|  0%| F|  |TAMS 0x00000000e6600000, 0x00000000e6600000| Untracked 
| 103|0x00000000e6700000, 0x00000000e6700000, 0x00000000e6800000|  0%| F|  |TAMS 0x00000000e6700000, 0x00000000e6700000| Untracked 
| 104|0x00000000e6800000, 0x00000000e6800000, 0x00000000e6900000|  0%| F|  |TAMS 0x00000000e6800000, 0x00000000e6800000| Untracked 
| 105|0x00000000e6900000, 0x00000000e6900000, 0x00000000e6a00000|  0%| F|  |TAMS 0x00000000e6900000, 0x00000000e6900000| Untracked 
| 106|0x00000000e6a00000, 0x00000000e6a00000, 0x00000000e6b00000|  0%| F|  |TAMS 0x00000000e6a00000, 0x00000000e6a00000| Untracked 
| 107|0x00000000e6b00000, 0x00000000e6b00000, 0x00000000e6c00000|  0%| F|  |TAMS 0x00000000e6b00000, 0x00000000e6b00000| Untracked 
| 108|0x00000000e6c00000, 0x00000000e6c00000, 0x00000000e6d00000|  0%| F|  |TAMS 0x00000000e6c00000, 0x00000000e6c00000| Untracked 
| 109|0x00000000e6d00000, 0x00000000e6d00000, 0x00000000e6e00000|  0%| F|  |TAMS 0x00000000e6d00000, 0x00000000e6d00000| Untracked 
| 110|0x00000000e6e00000, 0x00000000e6e00000, 0x00000000e6f00000|  0%| F|  |TAMS 0x00000000e6e00000, 0x00000000e6e00000| Untracked 
| 111|0x00000000e6f00000, 0x00000000e6f00000, 0x00000000e7000000|  0%| F|  |TAMS 0x00000000e6f00000, 0x00000000e6f00000| Untracked 
| 112|0x00000000e7000000, 0x00000000e7000000, 0x00000000e7100000|  0%| F|  |TAMS 0x00000000e7000000, 0x00000000e7000000| Untracked 
| 113|0x00000000e7100000, 0x00000000e7100000, 0x00000000e7200000|  0%| F|  |TAMS 0x00000000e7100000, 0x00000000e7100000| Untracked 
| 114|0x00000000e7200000, 0x00000000e7200000, 0x00000000e7300000|  0%| F|  |TAMS 0x00000000e7200000, 0x00000000e7200000| Untracked 
| 115|0x00000000e7300000, 0x00000000e7300000, 0x00000000e7400000|  0%| F|  |TAMS 0x00000000e7300000, 0x00000000e7300000| Untracked 
| 116|0x00000000e7400000, 0x00000000e7400000, 0x00000000e7500000|  0%| F|  |TAMS 0x00000000e7400000, 0x00000000e7400000| Untracked 
| 117|0x00000000e7500000, 0x00000000e7500000, 0x00000000e7600000|  0%| F|  |TAMS 0x00000000e7500000, 0x00000000e7500000| Untracked 
| 118|0x00000000e7600000, 0x00000000e7600000, 0x00000000e7700000|  0%| F|  |TAMS 0x00000000e7600000, 0x00000000e7600000| Untracked 
| 119|0x00000000e7700000, 0x00000000e7700000, 0x00000000e7800000|  0%| F|  |TAMS 0x00000000e7700000, 0x00000000e7700000| Untracked 
| 120|0x00000000e7800000, 0x00000000e7800000, 0x00000000e7900000|  0%| F|  |TAMS 0x00000000e7800000, 0x00000000e7800000| Untracked 
| 121|0x00000000e7900000, 0x00000000e7900000, 0x00000000e7a00000|  0%| F|  |TAMS 0x00000000e7900000, 0x00000000e7900000| Untracked 
| 122|0x00000000e7a00000, 0x00000000e7a00000, 0x00000000e7b00000|  0%| F|  |TAMS 0x00000000e7a00000, 0x00000000e7a00000| Untracked 
| 123|0x00000000e7b00000, 0x00000000e7b00000, 0x00000000e7c00000|  0%| F|  |TAMS 0x00000000e7b00000, 0x00000000e7b00000| Untracked 
| 124|0x00000000e7c00000, 0x00000000e7c00000, 0x00000000e7d00000|  0%| F|  |TAMS 0x00000000e7c00000, 0x00000000e7c00000| Untracked 
| 125|0x00000000e7d00000, 0x00000000e7d00000, 0x00000000e7e00000|  0%| F|  |TAMS 0x00000000e7d00000, 0x00000000e7d00000| Untracked 
| 126|0x00000000e7e00000, 0x00000000e7e00000, 0x00000000e7f00000|  0%| F|  |TAMS 0x00000000e7e00000, 0x00000000e7e00000| Untracked 
| 127|0x00000000e7f00000, 0x00000000e7f00000, 0x00000000e8000000|  0%| F|  |TAMS 0x00000000e7f00000, 0x00000000e7f00000| Untracked 
| 128|0x00000000e8000000, 0x00000000e8000000, 0x00000000e8100000|  0%| F|  |TAMS 0x00000000e8000000, 0x00000000e8000000| Untracked 
| 129|0x00000000e8100000, 0x00000000e8100000, 0x00000000e8200000|  0%| F|  |TAMS 0x00000000e8100000, 0x00000000e8100000| Untracked 
| 130|0x00000000e8200000, 0x00000000e8200000, 0x00000000e8300000|  0%| F|  |TAMS 0x00000000e8200000, 0x00000000e8200000| Untracked 
| 131|0x00000000e8300000, 0x00000000e8300000, 0x00000000e8400000|  0%| F|  |TAMS 0x00000000e8300000, 0x00000000e8300000| Untracked 
| 132|0x00000000e8400000, 0x00000000e8400000, 0x00000000e8500000|  0%| F|  |TAMS 0x00000000e8400000, 0x00000000e8400000| Untracked 
| 133|0x00000000e8500000, 0x00000000e8500000, 0x00000000e8600000|  0%| F|  |TAMS 0x00000000e8500000, 0x00000000e8500000| Untracked 
| 134|0x00000000e8600000, 0x00000000e8600000, 0x00000000e8700000|  0%| F|  |TAMS 0x00000000e8600000, 0x00000000e8600000| Untracked 
| 135|0x00000000e8700000, 0x00000000e8700000, 0x00000000e8800000|  0%| F|  |TAMS 0x00000000e8700000, 0x00000000e8700000| Untracked 
| 136|0x00000000e8800000, 0x00000000e8800000, 0x00000000e8900000|  0%| F|  |TAMS 0x00000000e8800000, 0x00000000e8800000| Untracked 
| 137|0x00000000e8900000, 0x00000000e8900000, 0x00000000e8a00000|  0%| F|  |TAMS 0x00000000e8900000, 0x00000000e8900000| Untracked 
| 138|0x00000000e8a00000, 0x00000000e8a00000, 0x00000000e8b00000|  0%| F|  |TAMS 0x00000000e8a00000, 0x00000000e8a00000| Untracked 
| 139|0x00000000e8b00000, 0x00000000e8b00000, 0x00000000e8c00000|  0%| F|  |TAMS 0x00000000e8b00000, 0x00000000e8b00000| Untracked 
| 140|0x00000000e8c00000, 0x00000000e8c00000, 0x00000000e8d00000|  0%| F|  |TAMS 0x00000000e8c00000, 0x00000000e8c00000| Untracked 
| 141|0x00000000e8d00000, 0x00000000e8d00000, 0x00000000e8e00000|  0%| F|  |TAMS 0x00000000e8d00000, 0x00000000e8d00000| Untracked 
| 142|0x00000000e8e00000, 0x00000000e8e00000, 0x00000000e8f00000|  0%| F|  |TAMS 0x00000000e8e00000, 0x00000000e8e00000| Untracked 
| 143|0x00000000e8f00000, 0x00000000e8f00000, 0x00000000e9000000|  0%| F|  |TAMS 0x00000000e8f00000, 0x00000000e8f00000| Untracked 
| 144|0x00000000e9000000, 0x00000000e9000000, 0x00000000e9100000|  0%| F|  |TAMS 0x00000000e9000000, 0x00000000e9000000| Untracked 
| 145|0x00000000e9100000, 0x00000000e9100000, 0x00000000e9200000|  0%| F|  |TAMS 0x00000000e9100000, 0x00000000e9100000| Untracked 
| 146|0x00000000e9200000, 0x00000000e9200000, 0x00000000e9300000|  0%| F|  |TAMS 0x00000000e9200000, 0x00000000e9200000| Untracked 
| 147|0x00000000e9300000, 0x00000000e9300000, 0x00000000e9400000|  0%| F|  |TAMS 0x00000000e9300000, 0x00000000e9300000| Untracked 
| 148|0x00000000e9400000, 0x00000000e9400000, 0x00000000e9500000|  0%| F|  |TAMS 0x00000000e9400000, 0x00000000e9400000| Untracked 
| 149|0x00000000e9500000, 0x00000000e9500000, 0x00000000e9600000|  0%| F|  |TAMS 0x00000000e9500000, 0x00000000e9500000| Untracked 
| 150|0x00000000e9600000, 0x00000000e9600000, 0x00000000e9700000|  0%| F|  |TAMS 0x00000000e9600000, 0x00000000e9600000| Untracked 
| 151|0x00000000e9700000, 0x00000000e9700000, 0x00000000e9800000|  0%| F|  |TAMS 0x00000000e9700000, 0x00000000e9700000| Untracked 
| 152|0x00000000e9800000, 0x00000000e9800000, 0x00000000e9900000|  0%| F|  |TAMS 0x00000000e9800000, 0x00000000e9800000| Untracked 
| 153|0x00000000e9900000, 0x00000000e9900000, 0x00000000e9a00000|  0%| F|  |TAMS 0x00000000e9900000, 0x00000000e9900000| Untracked 
| 154|0x00000000e9a00000, 0x00000000e9a00000, 0x00000000e9b00000|  0%| F|  |TAMS 0x00000000e9a00000, 0x00000000e9a00000| Untracked 
| 155|0x00000000e9b00000, 0x00000000e9b00000, 0x00000000e9c00000|  0%| F|  |TAMS 0x00000000e9b00000, 0x00000000e9b00000| Untracked 
| 156|0x00000000e9c00000, 0x00000000e9c00000, 0x00000000e9d00000|  0%| F|  |TAMS 0x00000000e9c00000, 0x00000000e9c00000| Untracked 
| 157|0x00000000e9d00000, 0x00000000e9d00000, 0x00000000e9e00000|  0%| F|  |TAMS 0x00000000e9d00000, 0x00000000e9d00000| Untracked 
| 158|0x00000000e9e00000, 0x00000000e9e00000, 0x00000000e9f00000|  0%| F|  |TAMS 0x00000000e9e00000, 0x00000000e9e00000| Untracked 
| 159|0x00000000e9f00000, 0x00000000e9f00000, 0x00000000ea000000|  0%| F|  |TAMS 0x00000000e9f00000, 0x00000000e9f00000| Untracked 
| 160|0x00000000ea000000, 0x00000000ea000000, 0x00000000ea100000|  0%| F|  |TAMS 0x00000000ea000000, 0x00000000ea000000| Untracked 
| 161|0x00000000ea100000, 0x00000000ea100000, 0x00000000ea200000|  0%| F|  |TAMS 0x00000000ea100000, 0x00000000ea100000| Untracked 
| 162|0x00000000ea200000, 0x00000000ea200000, 0x00000000ea300000|  0%| F|  |TAMS 0x00000000ea200000, 0x00000000ea200000| Untracked 
| 163|0x00000000ea300000, 0x00000000ea300000, 0x00000000ea400000|  0%| F|  |TAMS 0x00000000ea300000, 0x00000000ea300000| Untracked 
| 164|0x00000000ea400000, 0x00000000ea400000, 0x00000000ea500000|  0%| F|  |TAMS 0x00000000ea400000, 0x00000000ea400000| Untracked 
| 165|0x00000000ea500000, 0x00000000ea500000, 0x00000000ea600000|  0%| F|  |TAMS 0x00000000ea500000, 0x00000000ea500000| Untracked 
| 166|0x00000000ea600000, 0x00000000ea600000, 0x00000000ea700000|  0%| F|  |TAMS 0x00000000ea600000, 0x00000000ea600000| Untracked 
| 167|0x00000000ea700000, 0x00000000ea700000, 0x00000000ea800000|  0%| F|  |TAMS 0x00000000ea700000, 0x00000000ea700000| Untracked 
| 168|0x00000000ea800000, 0x00000000ea800000, 0x00000000ea900000|  0%| F|  |TAMS 0x00000000ea800000, 0x00000000ea800000| Untracked 
| 169|0x00000000ea900000, 0x00000000ea900000, 0x00000000eaa00000|  0%| F|  |TAMS 0x00000000ea900000, 0x00000000ea900000| Untracked 
| 170|0x00000000eaa00000, 0x00000000eaa00000, 0x00000000eab00000|  0%| F|  |TAMS 0x00000000eaa00000, 0x00000000eaa00000| Untracked 
| 171|0x00000000eab00000, 0x00000000eab00000, 0x00000000eac00000|  0%| F|  |TAMS 0x00000000eab00000, 0x00000000eab00000| Untracked 
| 172|0x00000000eac00000, 0x00000000eac00000, 0x00000000ead00000|  0%| F|  |TAMS 0x00000000eac00000, 0x00000000eac00000| Untracked 
| 173|0x00000000ead00000, 0x00000000ead00000, 0x00000000eae00000|  0%| F|  |TAMS 0x00000000ead00000, 0x00000000ead00000| Untracked 
| 174|0x00000000eae00000, 0x00000000eae00000, 0x00000000eaf00000|  0%| F|  |TAMS 0x00000000eae00000, 0x00000000eae00000| Untracked 
| 175|0x00000000eaf00000, 0x00000000eaf00000, 0x00000000eb000000|  0%| F|  |TAMS 0x00000000eaf00000, 0x00000000eaf00000| Untracked 
| 176|0x00000000eb000000, 0x00000000eb000000, 0x00000000eb100000|  0%| F|  |TAMS 0x00000000eb000000, 0x00000000eb000000| Untracked 
| 177|0x00000000eb100000, 0x00000000eb100000, 0x00000000eb200000|  0%| F|  |TAMS 0x00000000eb100000, 0x00000000eb100000| Untracked 
| 178|0x00000000eb200000, 0x00000000eb200000, 0x00000000eb300000|  0%| F|  |TAMS 0x00000000eb200000, 0x00000000eb200000| Untracked 
| 179|0x00000000eb300000, 0x00000000eb300000, 0x00000000eb400000|  0%| F|  |TAMS 0x00000000eb300000, 0x00000000eb300000| Untracked 
| 180|0x00000000eb400000, 0x00000000eb400000, 0x00000000eb500000|  0%| F|  |TAMS 0x00000000eb400000, 0x00000000eb400000| Untracked 
| 181|0x00000000eb500000, 0x00000000eb500000, 0x00000000eb600000|  0%| F|  |TAMS 0x00000000eb500000, 0x00000000eb500000| Untracked 
| 182|0x00000000eb600000, 0x00000000eb600000, 0x00000000eb700000|  0%| F|  |TAMS 0x00000000eb600000, 0x00000000eb600000| Untracked 
| 183|0x00000000eb700000, 0x00000000eb700000, 0x00000000eb800000|  0%| F|  |TAMS 0x00000000eb700000, 0x00000000eb700000| Untracked 
| 184|0x00000000eb800000, 0x00000000eb800000, 0x00000000eb900000|  0%| F|  |TAMS 0x00000000eb800000, 0x00000000eb800000| Untracked 
| 185|0x00000000eb900000, 0x00000000eb900000, 0x00000000eba00000|  0%| F|  |TAMS 0x00000000eb900000, 0x00000000eb900000| Untracked 
| 186|0x00000000eba00000, 0x00000000eba00000, 0x00000000ebb00000|  0%| F|  |TAMS 0x00000000eba00000, 0x00000000eba00000| Untracked 
| 187|0x00000000ebb00000, 0x00000000ebb00000, 0x00000000ebc00000|  0%| F|  |TAMS 0x00000000ebb00000, 0x00000000ebb00000| Untracked 
| 188|0x00000000ebc00000, 0x00000000ebc00000, 0x00000000ebd00000|  0%| F|  |TAMS 0x00000000ebc00000, 0x00000000ebc00000| Untracked 
| 189|0x00000000ebd00000, 0x00000000ebd00000, 0x00000000ebe00000|  0%| F|  |TAMS 0x00000000ebd00000, 0x00000000ebd00000| Untracked 
| 190|0x00000000ebe00000, 0x00000000ebe00000, 0x00000000ebf00000|  0%| F|  |TAMS 0x00000000ebe00000, 0x00000000ebe00000| Untracked 
| 191|0x00000000ebf00000, 0x00000000ebf00000, 0x00000000ec000000|  0%| F|  |TAMS 0x00000000ebf00000, 0x00000000ebf00000| Untracked 
| 192|0x00000000ec000000, 0x00000000ec000000, 0x00000000ec100000|  0%| F|  |TAMS 0x00000000ec000000, 0x00000000ec000000| Untracked 
| 193|0x00000000ec100000, 0x00000000ec100000, 0x00000000ec200000|  0%| F|  |TAMS 0x00000000ec100000, 0x00000000ec100000| Untracked 
| 194|0x00000000ec200000, 0x00000000ec200000, 0x00000000ec300000|  0%| F|  |TAMS 0x00000000ec200000, 0x00000000ec200000| Untracked 
| 195|0x00000000ec300000, 0x00000000ec300000, 0x00000000ec400000|  0%| F|  |TAMS 0x00000000ec300000, 0x00000000ec300000| Untracked 
| 196|0x00000000ec400000, 0x00000000ec400000, 0x00000000ec500000|  0%| F|  |TAMS 0x00000000ec400000, 0x00000000ec400000| Untracked 
| 197|0x00000000ec500000, 0x00000000ec500000, 0x00000000ec600000|  0%| F|  |TAMS 0x00000000ec500000, 0x00000000ec500000| Untracked 
| 198|0x00000000ec600000, 0x00000000ec600000, 0x00000000ec700000|  0%| F|  |TAMS 0x00000000ec600000, 0x00000000ec600000| Untracked 
| 199|0x00000000ec700000, 0x00000000ec700000, 0x00000000ec800000|  0%| F|  |TAMS 0x00000000ec700000, 0x00000000ec700000| Untracked 
| 200|0x00000000ec800000, 0x00000000ec800000, 0x00000000ec900000|  0%| F|  |TAMS 0x00000000ec800000, 0x00000000ec800000| Untracked 
| 201|0x00000000ec900000, 0x00000000ec900800, 0x00000000eca00000|  0%| E|  |TAMS 0x00000000ec900000, 0x00000000ec900000| Complete 
| 202|0x00000000eca00000, 0x00000000ecb00000, 0x00000000ecb00000|100%| E|CS|TAMS 0x00000000eca00000, 0x00000000eca00000| Complete 
| 203|0x00000000ecb00000, 0x00000000ecc00000, 0x00000000ecc00000|100%| E|CS|TAMS 0x00000000ecb00000, 0x00000000ecb00000| Complete 
| 204|0x00000000ecc00000, 0x00000000ecd00000, 0x00000000ecd00000|100%| E|CS|TAMS 0x00000000ecc00000, 0x00000000ecc00000| Complete 
| 205|0x00000000ecd00000, 0x00000000ece00000, 0x00000000ece00000|100%| E|CS|TAMS 0x00000000ecd00000, 0x00000000ecd00000| Complete 
| 206|0x00000000ece00000, 0x00000000ecf00000, 0x00000000ecf00000|100%| E|CS|TAMS 0x00000000ece00000, 0x00000000ece00000| Complete 
| 207|0x00000000ecf00000, 0x00000000ed000000, 0x00000000ed000000|100%| E|CS|TAMS 0x00000000ecf00000, 0x00000000ecf00000| Complete 
| 208|0x00000000ed000000, 0x00000000ed100000, 0x00000000ed100000|100%| E|CS|TAMS 0x00000000ed000000, 0x00000000ed000000| Complete 
| 209|0x00000000ed100000, 0x00000000ed200000, 0x00000000ed200000|100%| E|CS|TAMS 0x00000000ed100000, 0x00000000ed100000| Complete 
| 210|0x00000000ed200000, 0x00000000ed300000, 0x00000000ed300000|100%| E|CS|TAMS 0x00000000ed200000, 0x00000000ed200000| Complete 
| 211|0x00000000ed300000, 0x00000000ed400000, 0x00000000ed400000|100%| E|CS|TAMS 0x00000000ed300000, 0x00000000ed300000| Complete 
| 212|0x00000000ed400000, 0x00000000ed500000, 0x00000000ed500000|100%| E|CS|TAMS 0x00000000ed400000, 0x00000000ed400000| Complete 
| 213|0x00000000ed500000, 0x00000000ed600000, 0x00000000ed600000|100%| E|CS|TAMS 0x00000000ed500000, 0x00000000ed500000| Complete 
| 214|0x00000000ed600000, 0x00000000ed700000, 0x00000000ed700000|100%| E|CS|TAMS 0x00000000ed600000, 0x00000000ed600000| Complete 
| 215|0x00000000ed700000, 0x00000000ed800000, 0x00000000ed800000|100%| E|CS|TAMS 0x00000000ed700000, 0x00000000ed700000| Complete 
| 216|0x00000000ed800000, 0x00000000ed900000, 0x00000000ed900000|100%| E|CS|TAMS 0x00000000ed800000, 0x00000000ed800000| Complete 
| 217|0x00000000ed900000, 0x00000000eda00000, 0x00000000eda00000|100%| E|CS|TAMS 0x00000000ed900000, 0x00000000ed900000| Complete 
| 218|0x00000000eda00000, 0x00000000edb00000, 0x00000000edb00000|100%| E|CS|TAMS 0x00000000eda00000, 0x00000000eda00000| Complete 
| 219|0x00000000edb00000, 0x00000000edc00000, 0x00000000edc00000|100%| E|CS|TAMS 0x00000000edb00000, 0x00000000edb00000| Complete 
| 220|0x00000000edc00000, 0x00000000edd00000, 0x00000000edd00000|100%| E|CS|TAMS 0x00000000edc00000, 0x00000000edc00000| Complete 
| 221|0x00000000edd00000, 0x00000000ede00000, 0x00000000ede00000|100%| E|CS|TAMS 0x00000000edd00000, 0x00000000edd00000| Complete 
| 222|0x00000000ede00000, 0x00000000edf00000, 0x00000000edf00000|100%| E|CS|TAMS 0x00000000ede00000, 0x00000000ede00000| Complete 
| 223|0x00000000edf00000, 0x00000000ee000000, 0x00000000ee000000|100%| E|CS|TAMS 0x00000000edf00000, 0x00000000edf00000| Complete 
| 224|0x00000000ee000000, 0x00000000ee100000, 0x00000000ee100000|100%| E|CS|TAMS 0x00000000ee000000, 0x00000000ee000000| Complete 
| 225|0x00000000ee100000, 0x00000000ee200000, 0x00000000ee200000|100%| E|CS|TAMS 0x00000000ee100000, 0x00000000ee100000| Complete 
| 226|0x00000000ee200000, 0x00000000ee300000, 0x00000000ee300000|100%| E|CS|TAMS 0x00000000ee200000, 0x00000000ee200000| Complete 
| 227|0x00000000ee300000, 0x00000000ee400000, 0x00000000ee400000|100%| E|CS|TAMS 0x00000000ee300000, 0x00000000ee300000| Complete 
| 228|0x00000000ee400000, 0x00000000ee500000, 0x00000000ee500000|100%| E|CS|TAMS 0x00000000ee400000, 0x00000000ee400000| Complete 
| 229|0x00000000ee500000, 0x00000000ee600000, 0x00000000ee600000|100%| E|CS|TAMS 0x00000000ee500000, 0x00000000ee500000| Complete 
| 230|0x00000000ee600000, 0x00000000ee700000, 0x00000000ee700000|100%| E|CS|TAMS 0x00000000ee600000, 0x00000000ee600000| Complete 
| 231|0x00000000ee700000, 0x00000000ee800000, 0x00000000ee800000|100%| E|CS|TAMS 0x00000000ee700000, 0x00000000ee700000| Complete 
| 232|0x00000000ee800000, 0x00000000ee900000, 0x00000000ee900000|100%| E|CS|TAMS 0x00000000ee800000, 0x00000000ee800000| Complete 
| 233|0x00000000ee900000, 0x00000000eea00000, 0x00000000eea00000|100%| E|CS|TAMS 0x00000000ee900000, 0x00000000ee900000| Complete 
| 234|0x00000000eea00000, 0x00000000eeb00000, 0x00000000eeb00000|100%| E|CS|TAMS 0x00000000eea00000, 0x00000000eea00000| Complete 
| 235|0x00000000eeb00000, 0x00000000eec00000, 0x00000000eec00000|100%| E|CS|TAMS 0x00000000eeb00000, 0x00000000eeb00000| Complete 
| 236|0x00000000eec00000, 0x00000000eed00000, 0x00000000eed00000|100%| E|CS|TAMS 0x00000000eec00000, 0x00000000eec00000| Complete 
| 237|0x00000000eed00000, 0x00000000eee00000, 0x00000000eee00000|100%| E|CS|TAMS 0x00000000eed00000, 0x00000000eed00000| Complete 
| 238|0x00000000eee00000, 0x00000000eef00000, 0x00000000eef00000|100%| E|CS|TAMS 0x00000000eee00000, 0x00000000eee00000| Complete 
| 239|0x00000000eef00000, 0x00000000ef000000, 0x00000000ef000000|100%| E|CS|TAMS 0x00000000eef00000, 0x00000000eef00000| Complete 
| 240|0x00000000ef000000, 0x00000000ef100000, 0x00000000ef100000|100%| E|CS|TAMS 0x00000000ef000000, 0x00000000ef000000| Complete 
| 241|0x00000000ef100000, 0x00000000ef200000, 0x00000000ef200000|100%| E|CS|TAMS 0x00000000ef100000, 0x00000000ef100000| Complete 
| 242|0x00000000ef200000, 0x00000000ef300000, 0x00000000ef300000|100%| E|CS|TAMS 0x00000000ef200000, 0x00000000ef200000| Complete 
| 243|0x00000000ef300000, 0x00000000ef400000, 0x00000000ef400000|100%| E|CS|TAMS 0x00000000ef300000, 0x00000000ef300000| Complete 
| 244|0x00000000ef400000, 0x00000000ef500000, 0x00000000ef500000|100%| E|CS|TAMS 0x00000000ef400000, 0x00000000ef400000| Complete 
| 245|0x00000000ef500000, 0x00000000ef600000, 0x00000000ef600000|100%| E|CS|TAMS 0x00000000ef500000, 0x00000000ef500000| Complete 
| 246|0x00000000ef600000, 0x00000000ef700000, 0x00000000ef700000|100%| E|CS|TAMS 0x00000000ef600000, 0x00000000ef600000| Complete 
| 247|0x00000000ef700000, 0x00000000ef800000, 0x00000000ef800000|100%| E|CS|TAMS 0x00000000ef700000, 0x00000000ef700000| Complete 
| 248|0x00000000ef800000, 0x00000000ef900000, 0x00000000ef900000|100%| E|CS|TAMS 0x00000000ef800000, 0x00000000ef800000| Complete 
| 249|0x00000000ef900000, 0x00000000efa00000, 0x00000000efa00000|100%| E|CS|TAMS 0x00000000ef900000, 0x00000000ef900000| Complete 
| 250|0x00000000efa00000, 0x00000000efb00000, 0x00000000efb00000|100%| E|CS|TAMS 0x00000000efa00000, 0x00000000efa00000| Complete 
| 251|0x00000000efb00000, 0x00000000efc00000, 0x00000000efc00000|100%| E|CS|TAMS 0x00000000efb00000, 0x00000000efb00000| Complete 
| 252|0x00000000efc00000, 0x00000000efd00000, 0x00000000efd00000|100%| E|CS|TAMS 0x00000000efc00000, 0x00000000efc00000| Complete 
| 253|0x00000000efd00000, 0x00000000efe00000, 0x00000000efe00000|100%| S|CS|TAMS 0x00000000efd00000, 0x00000000efd00000| Complete 
| 254|0x00000000efe00000, 0x00000000eff00000, 0x00000000eff00000|100%| S|CS|TAMS 0x00000000efe00000, 0x00000000efe00000| Complete 
| 255|0x00000000eff00000, 0x00000000f0000000, 0x00000000f0000000|100%| E|CS|TAMS 0x00000000eff00000, 0x00000000eff00000| Complete 

Card table byte_map: [0x000002184b410000,0x000002184b510000] _byte_map_base: 0x000002184ad10000

Marking Bits (Prev, Next): (CMBitMap*) 0x000002183834ee30, (CMBitMap*) 0x000002183834ee70
 Prev Bits: [0x000002184b610000, 0x000002184be10000)
 Next Bits: [0x000002184be10000, 0x000002184c610000)

Polling page: 0x0000021837af0000

Metaspace:

Usage:
  Non-class:     47.20 MB used.
      Class:      7.27 MB used.
       Both:     54.47 MB used.

Virtual space:
  Non-class space:       48.00 MB reserved,      47.56 MB (>99%) committed,  6 nodes.
      Class space:      208.00 MB reserved,       7.56 MB (  4%) committed,  1 nodes.
             Both:      256.00 MB reserved,      55.12 MB ( 22%) committed. 

Chunk freelists:
   Non-Class:  240.00 KB
       Class:  376.00 KB
        Both:  616.00 KB

MaxMetaspaceSize: 256.00 MB
CompressedClassSpaceSize: 208.00 MB
Initial GC threshold: 21.00 MB
Current GC threshold: 59.06 MB
CDS: off
MetaspaceReclaimPolicy: balanced
 - commit_granule_bytes: 65536.
 - commit_granule_words: 8192.
 - virtual_space_node_default_size: 1048576.
 - enlarge_chunks_in_place: 1.
 - new_chunks_are_fully_committed: 0.
 - uncommit_free_chunks: 1.
 - use_allocation_guard: 0.
 - handle_deallocations: 1.


Internal statistics:

num_allocs_failed_limit: 6.
num_arena_births: 576.
num_arena_deaths: 0.
num_vsnodes_births: 7.
num_vsnodes_deaths: 0.
num_space_committed: 882.
num_space_uncommitted: 0.
num_chunks_returned_to_freelist: 6.
num_chunks_taken_from_freelist: 2384.
num_chunk_merges: 6.
num_chunk_splits: 1536.
num_chunks_enlarged: 1005.
num_purges: 0.
num_inconsistent_stats: 0.

CodeHeap 'non-profiled nmethods': size=119168Kb used=2855Kb max_used=3324Kb free=116312Kb
 bounds [0x0000021843630000, 0x0000021843970000, 0x000002184aa90000]
CodeHeap 'profiled nmethods': size=119104Kb used=10371Kb max_used=10877Kb free=108732Kb
 bounds [0x000002183ba90000, 0x000002183c550000, 0x0000021842ee0000]
CodeHeap 'non-nmethods': size=7488Kb used=4010Kb max_used=4076Kb free=3477Kb
 bounds [0x0000021842ee0000, 0x00000218432e0000, 0x0000021843630000]
 total_blobs=6002 nmethods=5167 adapters=743
 compilation: enabled
              stopped_count=0, restarted_count=0
 full_count=0

Compilation events (20 events):
Event: 7.676 Thread 0x0000021850d0fad0 nmethod 5887 0x000002183bcd7010 code [0x000002183bcd71e0, 0x000002183bcd7818]
Event: 7.676 Thread 0x00000218501faef0 nmethod 5888 0x000002183bcd6410 code [0x000002183bcd6640, 0x000002183bcd6dc8]
Event: 7.677 Thread 0x00000218501faef0 5890       3       org.codehaus.groovy.util.ComplexKeyHashMap::resize (103 bytes)
Event: 7.677 Thread 0x00000218501faef0 nmethod 5890 0x000002183bc08d90 code [0x000002183bc08f60, 0x000002183bc09518]
Event: 7.679 Thread 0x00000218501faef0 5891       3       org.codehaus.groovy.reflection.ClassInfo::replaceWeakMetaClassRef (19 bytes)
Event: 7.679 Thread 0x00000218501faef0 nmethod 5891 0x000002183bb53390 code [0x000002183bb53560, 0x000002183bb53918]
Event: 7.680 Thread 0x00000218501faef0 5892       3       org.codehaus.groovy.reflection.ClassInfo::setWeakMetaClass (37 bytes)
Event: 7.681 Thread 0x00000218501faef0 nmethod 5892 0x000002183bc08290 code [0x000002183bc084a0, 0x000002183bc08ab8]
Event: 7.682 Thread 0x000002185005d080 5893       3       groovy.lang.MetaClassImpl::populateMethods (401 bytes)
Event: 7.684 Thread 0x000002185005d080 nmethod 5893 0x000002183baf5410 code [0x000002183baf5880, 0x000002183baf8138]
Event: 7.685 Thread 0x000002185005d080 5894       3       java.lang.reflect.AccessibleObject::slowVerifyAccess (67 bytes)
Event: 7.685 Thread 0x000002185005d080 nmethod 5894 0x000002183bc07710 code [0x000002183bc07920, 0x000002183bc08088]
Event: 7.688 Thread 0x00000218501f29b0 5896       3       groovy.lang.MetaClassImpl::getVersion (11 bytes)
Event: 7.688 Thread 0x00000218501f29b0 nmethod 5896 0x000002183bd9d590 code [0x000002183bd9d740, 0x000002183bd9d8f8]
Event: 7.694 Thread 0x00000218501faef0 5898  s    3       java.beans.ThreadGroupContext::getBeanInfo (25 bytes)
Event: 7.694 Thread 0x0000021850d0fad0 5897       3       java.beans.Introspector::getBeanInfo (58 bytes)
Event: 7.695 Thread 0x00000218501faef0 nmethod 5898 0x000002183bc07090 code [0x000002183bc07240, 0x000002183bc07608]
Event: 7.695 Thread 0x0000021850d0fad0 nmethod 5897 0x000002183bab5590 code [0x000002183bab5880, 0x000002183bab68e8]
Event: 7.697 Thread 0x0000021850d0fad0 5899       1       groovyjarjarasm.asm.SymbolTable::getClassName (5 bytes)
Event: 7.698 Thread 0x0000021850d0fad0 nmethod 5899 0x0000021843842610 code [0x00000218438427a0, 0x0000021843842878]

GC Heap History (16 events):
Event: 0.701 GC heap before
{Heap before GC invocations=0 (full 0):
 garbage-first heap   total 262144K, used 29696K [0x00000000e0000000, 0x0000000100000000)
  region size 1024K, 23 young (23552K), 0 survivors (0K)
 Metaspace       used 10274K, committed 10432K, reserved 229376K
  class space    used 1059K, committed 1152K, reserved 212992K
}
Event: 0.703 GC heap after
{Heap after GC invocations=1 (full 0):
 garbage-first heap   total 262144K, used 9080K [0x00000000e0000000, 0x0000000100000000)
  region size 1024K, 3 young (3072K), 3 survivors (3072K)
 Metaspace       used 10274K, committed 10432K, reserved 229376K
  class space    used 1059K, committed 1152K, reserved 212992K
}
Event: 1.100 GC heap before
{Heap before GC invocations=1 (full 0):
 garbage-first heap   total 262144K, used 36728K [0x00000000e0000000, 0x0000000100000000)
  region size 1024K, 30 young (30720K), 3 survivors (3072K)
 Metaspace       used 11243K, committed 11392K, reserved 229376K
  class space    used 1163K, committed 1280K, reserved 212992K
}
Event: 1.103 GC heap after
{Heap after GC invocations=2 (full 0):
 garbage-first heap   total 262144K, used 13462K [0x00000000e0000000, 0x0000000100000000)
  region size 1024K, 4 young (4096K), 4 survivors (4096K)
 Metaspace       used 11243K, committed 11392K, reserved 229376K
  class space    used 1163K, committed 1280K, reserved 212992K
}
Event: 2.128 GC heap before
{Heap before GC invocations=2 (full 0):
 garbage-first heap   total 262144K, used 52374K [0x00000000e0000000, 0x0000000100000000)
  region size 1024K, 43 young (44032K), 4 survivors (4096K)
 Metaspace       used 21250K, committed 21504K, reserved 237568K
  class space    used 2610K, committed 2752K, reserved 212992K
}
Event: 2.131 GC heap after
{Heap after GC invocations=3 (full 0):
 garbage-first heap   total 262144K, used 17418K [0x00000000e0000000, 0x0000000100000000)
  region size 1024K, 8 young (8192K), 8 survivors (8192K)
 Metaspace       used 21250K, committed 21504K, reserved 237568K
  class space    used 2610K, committed 2752K, reserved 212992K
}
Event: 3.925 GC heap before
{Heap before GC invocations=4 (full 0):
 garbage-first heap   total 262144K, used 94218K [0x00000000e0000000, 0x0000000100000000)
  region size 1024K, 73 young (74752K), 8 survivors (8192K)
 Metaspace       used 31261K, committed 31552K, reserved 245760K
  class space    used 4240K, committed 4416K, reserved 212992K
}
Event: 3.931 GC heap after
{Heap after GC invocations=5 (full 0):
 garbage-first heap   total 262144K, used 34535K [0x00000000e0000000, 0x0000000100000000)
  region size 1024K, 10 young (10240K), 10 survivors (10240K)
 Metaspace       used 31261K, committed 31552K, reserved 245760K
  class space    used 4240K, committed 4416K, reserved 212992K
}
Event: 3.960 GC heap before
{Heap before GC invocations=5 (full 0):
 garbage-first heap   total 262144K, used 36583K [0x00000000e0000000, 0x0000000100000000)
  region size 1024K, 12 young (12288K), 10 survivors (10240K)
 Metaspace       used 31642K, committed 32000K, reserved 245760K
  class space    used 4298K, committed 4480K, reserved 212992K
}
Event: 3.963 GC heap after
{Heap after GC invocations=6 (full 0):
 garbage-first heap   total 262144K, used 34959K [0x00000000e0000000, 0x0000000100000000)
  region size 1024K, 2 young (2048K), 2 survivors (2048K)
 Metaspace       used 31642K, committed 32000K, reserved 245760K
  class space    used 4298K, committed 4480K, reserved 212992K
}
Event: 4.408 GC heap before
{Heap before GC invocations=6 (full 0):
 garbage-first heap   total 262144K, used 61583K [0x00000000e0000000, 0x0000000100000000)
  region size 1024K, 29 young (29696K), 2 survivors (2048K)
 Metaspace       used 35635K, committed 35968K, reserved 245760K
  class space    used 4901K, committed 5056K, reserved 212992K
}
Event: 4.411 GC heap after
{Heap after GC invocations=7 (full 0):
 garbage-first heap   total 262144K, used 35962K [0x00000000e0000000, 0x0000000100000000)
  region size 1024K, 3 young (3072K), 3 survivors (3072K)
 Metaspace       used 35635K, committed 35968K, reserved 245760K
  class space    used 4901K, committed 5056K, reserved 212992K
}
Event: 7.049 GC heap before
{Heap before GC invocations=8 (full 0):
 garbage-first heap   total 262144K, used 201850K [0x00000000e0000000, 0x0000000100000000)
  region size 1024K, 153 young (156672K), 3 survivors (3072K)
 Metaspace       used 52113K, committed 52544K, reserved 262144K
  class space    used 6909K, committed 7104K, reserved 212992K
}
Event: 7.059 GC heap after
{Heap after GC invocations=9 (full 0):
 garbage-first heap   total 262144K, used 59909K [0x00000000e0000000, 0x0000000100000000)
  region size 1024K, 17 young (17408K), 17 survivors (17408K)
 Metaspace       used 52113K, committed 52544K, reserved 262144K
  class space    used 6909K, committed 7104K, reserved 212992K
}
Event: 7.080 GC heap before
{Heap before GC invocations=9 (full 0):
 garbage-first heap   total 262144K, used 60933K [0x00000000e0000000, 0x0000000100000000)
  region size 1024K, 18 young (18432K), 17 survivors (17408K)
 Metaspace       used 52145K, committed 52672K, reserved 262144K
  class space    used 6918K, committed 7168K, reserved 212992K
}
Event: 7.086 GC heap after
{Heap after GC invocations=10 (full 0):
 garbage-first heap   total 262144K, used 61050K [0x00000000e0000000, 0x0000000100000000)
  region size 1024K, 2 young (2048K), 2 survivors (2048K)
 Metaspace       used 52145K, committed 52672K, reserved 262144K
  class space    used 6918K, committed 7168K, reserved 212992K
}

Dll operation events (2 events):
Event: 0.010 Loaded shared library D:\project\des\DevEco Studio\jbr\bin\java.dll
Event: 0.400 Loaded shared library D:\project\des\DevEco Studio\jbr\bin\verify.dll

Deoptimization events (20 events):
Event: 7.446 Thread 0x0000021850cab010 Uncommon trap: trap_request=0xffffffc6 fr.pc=0x0000021843690fa0 relative=0x0000000000000660
Event: 7.446 Thread 0x0000021850cab010 Uncommon trap: reason=bimorphic_or_optimized_type_check action=maybe_recompile pc=0x0000021843690fa0 method=groovy.lang.MetaClassImpl.filterPropertyMethod(Ljava/lang/Object;ZZ)Ljava/lang/Object; @ 38 c2
Event: 7.446 Thread 0x0000021850cab010 DEOPT PACKING pc=0x0000021843690fa0 sp=0x000000a4b8ef6190
Event: 7.446 Thread 0x0000021850cab010 DEOPT UNPACKING pc=0x0000021842f369a3 sp=0x000000a4b8ef60f8 mode 2
Event: 7.542 Thread 0x0000021850cab010 DEOPT PACKING pc=0x000002183c3a3cce sp=0x000000a4b8ef31a0
Event: 7.542 Thread 0x0000021850cab010 DEOPT UNPACKING pc=0x0000021842f37143 sp=0x000000a4b8ef2600 mode 0
Event: 7.618 Thread 0x0000021850cab010 DEOPT PACKING pc=0x000002183c3a3cce sp=0x000000a4b8ef3130
Event: 7.618 Thread 0x0000021850cab010 DEOPT UNPACKING pc=0x0000021842f37143 sp=0x000000a4b8ef2590 mode 0
Event: 7.634 Thread 0x0000021850cab010 Uncommon trap: trap_request=0xffffff45 fr.pc=0x000002184382b90c relative=0x000000000000044c
Event: 7.634 Thread 0x0000021850cab010 Uncommon trap: reason=unstable_if action=reinterpret pc=0x000002184382b90c method=java.util.StringJoiner.add(Ljava/lang/CharSequence;)Ljava/util/StringJoiner; @ 33 c2
Event: 7.634 Thread 0x0000021850cab010 DEOPT PACKING pc=0x000002184382b90c sp=0x000000a4b8ef6ad0
Event: 7.634 Thread 0x0000021850cab010 DEOPT UNPACKING pc=0x0000021842f369a3 sp=0x000000a4b8ef6a80 mode 2
Event: 7.636 Thread 0x0000021850cab010 Uncommon trap: trap_request=0xffffff45 fr.pc=0x0000021843858254 relative=0x00000000000005b4
Event: 7.636 Thread 0x0000021850cab010 Uncommon trap: reason=unstable_if action=reinterpret pc=0x0000021843858254 method=groovy.lang.MetaClassImpl.filterPropertyMethod(Ljava/lang/Object;ZZ)Ljava/lang/Object; @ 60 c2
Event: 7.636 Thread 0x0000021850cab010 DEOPT PACKING pc=0x0000021843858254 sp=0x000000a4b8ef6f70
Event: 7.636 Thread 0x0000021850cab010 DEOPT UNPACKING pc=0x0000021842f369a3 sp=0x000000a4b8ef6ed0 mode 2
Event: 7.647 Thread 0x0000021850cab010 Uncommon trap: trap_request=0xffffff45 fr.pc=0x00000218436812e8 relative=0x00000000000022c8
Event: 7.647 Thread 0x0000021850cab010 Uncommon trap: reason=unstable_if action=reinterpret pc=0x00000218436812e8 method=groovy.lang.MetaClassImpl$1MOPIter.processFastArray(Lorg/codehaus/groovy/util/FastArray;)V @ 85 c2
Event: 7.647 Thread 0x0000021850cab010 DEOPT PACKING pc=0x00000218436812e8 sp=0x000000a4b8ef6380
Event: 7.647 Thread 0x0000021850cab010 DEOPT UNPACKING pc=0x0000021842f369a3 sp=0x000000a4b8ef62b8 mode 2

Classes unloaded (0 events):
No events

Classes redefined (0 events):
No events

Internal exceptions (20 events):
Event: 7.638 Thread 0x0000021850cab010 Exception <a 'java/lang/ClassNotFoundException'{0x00000000ed582760}: com/huawei/ohos/build/utils/har/ExplodedHarUtilBeanInfo> (0x00000000ed582760) 
thrown [s\src\hotspot\share\classfile\systemDictionary.cpp, line 256]
Event: 7.639 Thread 0x0000021850cab010 Exception <a 'java/lang/ClassNotFoundException'{0x00000000ed58c918}: com/huawei/ohos/build/utils/har/ExplodedHarUtilCustomizer> (0x00000000ed58c918) 
thrown [s\src\hotspot\share\classfile\systemDictionary.cpp, line 256]
Event: 7.648 Thread 0x0000021850cab010 Exception <a 'java/lang/ClassNotFoundException'{0x00000000ed5e6b68}: com/huawei/ohos/build/tasks/factory/AppTaskManagerBeanInfo> (0x00000000ed5e6b68) 
thrown [s\src\hotspot\share\classfile\systemDictionary.cpp, line 256]
Event: 7.648 Thread 0x0000021850cab010 Exception <a 'java/lang/ClassNotFoundException'{0x00000000ed5f1a50}: com/huawei/ohos/build/tasks/factory/TaskManagerBeanInfo> (0x00000000ed5f1a50) 
thrown [s\src\hotspot\share\classfile\systemDictionary.cpp, line 256]
Event: 7.649 Thread 0x0000021850cab010 Exception <a 'java/lang/ClassNotFoundException'{0x00000000ed5fcc00}: com/huawei/ohos/build/tasks/factory/TaskManagerCustomizer> (0x00000000ed5fcc00) 
thrown [s\src\hotspot\share\classfile\systemDictionary.cpp, line 256]
Event: 7.650 Thread 0x0000021850cab010 Exception <a 'java/lang/ClassNotFoundException'{0x00000000ed40f438}: com/huawei/ohos/build/tasks/factory/AppTaskManagerCustomizer> (0x00000000ed40f438) 
thrown [s\src\hotspot\share\classfile\systemDictionary.cpp, line 256]
Event: 7.657 Thread 0x0000021850cab010 Exception <a 'java/lang/ClassNotFoundException'{0x00000000ed492cf0}: com/huawei/ohos/build/tasks/manager/VariantManagerBeanInfo> (0x00000000ed492cf0) 
thrown [s\src\hotspot\share\classfile\systemDictionary.cpp, line 256]
Event: 7.658 Thread 0x0000021850cab010 Exception <a 'java/lang/ClassNotFoundException'{0x00000000ed49cc20}: com/huawei/ohos/build/tasks/manager/VariantManagerCustomizer> (0x00000000ed49cc20) 
thrown [s\src\hotspot\share\classfile\systemDictionary.cpp, line 256]
Event: 7.668 Thread 0x0000021850cab010 Exception <a 'java/lang/ClassNotFoundException'{0x00000000ed10c1a0}: org/gradle/api/internal/FactoryNamedDomainObjectContainer_DecoratedBeanInfo> (0x00000000ed10c1a0) 
thrown [s\src\hotspot\share\classfile\systemDictionary.cpp, line 256]
Event: 7.669 Thread 0x0000021850cab010 Exception <a 'java/lang/ClassNotFoundException'{0x00000000ed11fbc8}: org/gradle/api/internal/FactoryNamedDomainObjectContainerBeanInfo> (0x00000000ed11fbc8) 
thrown [s\src\hotspot\share\classfile\systemDictionary.cpp, line 256]
Event: 7.670 Thread 0x0000021850cab010 Exception <a 'java/lang/ClassNotFoundException'{0x00000000ed134088}: org/gradle/api/internal/AbstractNamedDomainObjectContainerBeanInfo> (0x00000000ed134088) 
thrown [s\src\hotspot\share\classfile\systemDictionary.cpp, line 256]
Event: 7.671 Thread 0x0000021850cab010 Exception <a 'java/lang/ClassNotFoundException'{0x00000000ed1486d8}: org/gradle/api/internal/DefaultNamedDomainObjectSetBeanInfo> (0x00000000ed1486d8) 
thrown [s\src\hotspot\share\classfile\systemDictionary.cpp, line 256]
Event: 7.671 Thread 0x0000021850cab010 Exception <a 'java/lang/ClassNotFoundException'{0x00000000ed15ca48}: org/gradle/api/internal/DefaultNamedDomainObjectSetCustomizer> (0x00000000ed15ca48) 
thrown [s\src\hotspot\share\classfile\systemDictionary.cpp, line 256]
Event: 7.673 Thread 0x0000021850cab010 Exception <a 'java/lang/ClassNotFoundException'{0x00000000ed1867b0}: org/gradle/api/internal/AbstractNamedDomainObjectContainerCustomizer> (0x00000000ed1867b0) 
thrown [s\src\hotspot\share\classfile\systemDictionary.cpp, line 256]
Event: 7.674 Thread 0x0000021850cab010 Exception <a 'java/lang/ClassNotFoundException'{0x00000000ed1ad368}: org/gradle/api/internal/FactoryNamedDomainObjectContainerCustomizer> (0x00000000ed1ad368) 
thrown [s\src\hotspot\share\classfile\systemDictionary.cpp, line 256]
Event: 7.675 Thread 0x0000021850cab010 Exception <a 'java/lang/ClassNotFoundException'{0x00000000ed1c9948}: org/gradle/api/internal/FactoryNamedDomainObjectContainer_DecoratedCustomizer> (0x00000000ed1c9948) 
thrown [s\src\hotspot\share\classfile\systemDictionary.cpp, line 256]
Event: 7.682 Thread 0x0000021850cab010 Exception <a 'java/lang/ClassNotFoundException'{0x00000000ed04af40}: com/huawei/ohos/build/consts/BuildConstBeanInfo> (0x00000000ed04af40) 
thrown [s\src\hotspot\share\classfile\systemDictionary.cpp, line 256]
Event: 7.683 Thread 0x0000021850cab010 Exception <a 'java/lang/ClassNotFoundException'{0x00000000ed055068}: com/huawei/ohos/build/consts/BuildConstCustomizer> (0x00000000ed055068) 
thrown [s\src\hotspot\share\classfile\systemDictionary.cpp, line 256]
Event: 7.694 Thread 0x0000021850cab010 Exception <a 'java/lang/ClassNotFoundException'{0x00000000ed0ef418}: com/huawei/ohos/build/utils/sign/SignUtilBeanInfo> (0x00000000ed0ef418) 
thrown [s\src\hotspot\share\classfile\systemDictionary.cpp, line 256]
Event: 7.695 Thread 0x0000021850cab010 Exception <a 'java/lang/ClassNotFoundException'{0x00000000ed0fa7e0}: com/huawei/ohos/build/utils/sign/SignUtilCustomizer> (0x00000000ed0fa7e0) 
thrown [s\src\hotspot\share\classfile\systemDictionary.cpp, line 256]

VM Operations (20 events):
Event: 6.092 Executing VM operation: HandshakeAllThreads
Event: 6.093 Executing VM operation: HandshakeAllThreads done
Event: 6.237 Executing VM operation: HandshakeAllThreads
Event: 6.237 Executing VM operation: HandshakeAllThreads done
Event: 6.504 Executing VM operation: ICBufferFull
Event: 6.505 Executing VM operation: ICBufferFull done
Event: 6.856 Executing VM operation: HandshakeAllThreads
Event: 6.856 Executing VM operation: HandshakeAllThreads done
Event: 6.866 Executing VM operation: ICBufferFull
Event: 6.866 Executing VM operation: ICBufferFull done
Event: 6.871 Executing VM operation: HandshakeAllThreads
Event: 6.872 Executing VM operation: HandshakeAllThreads done
Event: 6.886 Executing VM operation: HandshakeAllThreads
Event: 6.886 Executing VM operation: HandshakeAllThreads done
Event: 7.049 Executing VM operation: G1CollectForAllocation
Event: 7.059 Executing VM operation: G1CollectForAllocation done
Event: 7.080 Executing VM operation: G1CollectForAllocation
Event: 7.086 Executing VM operation: G1CollectForAllocation done
Event: 7.563 Executing VM operation: ICBufferFull
Event: 7.563 Executing VM operation: ICBufferFull done

Events (20 events):
Event: 7.527 loading class java/beans/IntrospectionException
Event: 7.527 loading class java/beans/IntrospectionException done
Event: 7.549 loading class java/lang/EnumBeanInfo
Event: 7.549 loading class java/lang/EnumBeanInfo done
Event: 7.549 loading class java/lang/EnumBeanInfo
Event: 7.549 loading class java/lang/EnumBeanInfo done
Event: 7.549 loading class java/lang/EnumCustomizer
Event: 7.549 loading class java/lang/EnumCustomizer done
Event: 7.549 loading class java/lang/EnumCustomizer
Event: 7.549 loading class java/lang/EnumCustomizer done
Event: 7.614 loading class jdk/internal/reflect/UnsafeQualifiedStaticIntegerFieldAccessorImpl
Event: 7.614 loading class jdk/internal/reflect/UnsafeQualifiedStaticIntegerFieldAccessorImpl done
Event: 7.624 loading class java/util/LinkedHashSetBeanInfo
Event: 7.624 loading class java/util/LinkedHashSetBeanInfo done
Event: 7.624 loading class java/util/LinkedHashSetBeanInfo
Event: 7.624 loading class java/util/LinkedHashSetBeanInfo done
Event: 7.624 loading class java/util/LinkedHashSetCustomizer
Event: 7.624 loading class java/util/LinkedHashSetCustomizer done
Event: 7.624 loading class java/util/LinkedHashSetCustomizer
Event: 7.624 loading class java/util/LinkedHashSetCustomizer done


Dynamic libraries:
0x00007ff720790000 - 0x00007ff72079a000 	D:\project\des\DevEco Studio\jbr\bin\java.exe
0x00007fff06ec0000 - 0x00007fff070c9000 	C:\WINDOWS\SYSTEM32\ntdll.dll
0x00007fff05b70000 - 0x00007fff05c2e000 	C:\WINDOWS\System32\KERNEL32.DLL
0x00007fff04970000 - 0x00007fff04cf3000 	C:\WINDOWS\System32\KERNELBASE.dll
0x00007fff04600000 - 0x00007fff04711000 	C:\WINDOWS\System32\ucrtbase.dll
0x00007ffef2c50000 - 0x00007ffef2c6b000 	D:\project\des\DevEco Studio\jbr\bin\VCRUNTIME140.dll
0x00007ffef2e70000 - 0x00007ffef2e87000 	D:\project\des\DevEco Studio\jbr\bin\jli.dll
0x00007fff06cd0000 - 0x00007fff06e7d000 	C:\WINDOWS\System32\USER32.dll
0x00007fff04d00000 - 0x00007fff04d26000 	C:\WINDOWS\System32\win32u.dll
0x00007fff05070000 - 0x00007fff05099000 	C:\WINDOWS\System32\GDI32.dll
0x00007fff04370000 - 0x00007fff0448a000 	C:\WINDOWS\System32\gdi32full.dll
0x00007fff047a0000 - 0x00007fff0483d000 	C:\WINDOWS\System32\msvcp_win.dll
0x00007ffee6970000 - 0x00007ffee6c15000 	C:\WINDOWS\WinSxS\amd64_microsoft.windows.common-controls_6595b64144ccf1df_6.0.22000.120_none_9d947278b86cc467\COMCTL32.dll
0x00007fff050a0000 - 0x00007fff05143000 	C:\WINDOWS\System32\msvcrt.dll
0x00007fff05800000 - 0x00007fff05831000 	C:\WINDOWS\System32\IMM32.DLL
0x00007ffef3160000 - 0x00007ffef316c000 	D:\project\des\DevEco Studio\jbr\bin\vcruntime140_1.dll
0x00007ffed2350000 - 0x00007ffed23dd000 	D:\project\des\DevEco Studio\jbr\bin\msvcp140.dll
0x00007ffe74730000 - 0x00007ffe7539d000 	D:\project\des\DevEco Studio\jbr\bin\server\jvm.dll
0x00007fff05fb0000 - 0x00007fff0605e000 	C:\WINDOWS\System32\ADVAPI32.dll
0x00007fff06350000 - 0x00007fff063ee000 	C:\WINDOWS\System32\sechost.dll
0x00007fff04f30000 - 0x00007fff05051000 	C:\WINDOWS\System32\RPCRT4.dll
0x00007ffef3030000 - 0x00007ffef3039000 	C:\WINDOWS\SYSTEM32\WSOCK32.dll
0x00007ffefd6d0000 - 0x00007ffefd6da000 	C:\WINDOWS\SYSTEM32\VERSION.dll
0x00007ffefbcb0000 - 0x00007ffefbce3000 	C:\WINDOWS\SYSTEM32\WINMM.dll
0x00007fff05790000 - 0x00007fff057ff000 	C:\WINDOWS\System32\WS2_32.dll
0x00007fff034e0000 - 0x00007fff034f8000 	C:\WINDOWS\SYSTEM32\kernel.appcore.dll
0x00007fff00540000 - 0x00007fff0054a000 	D:\project\des\DevEco Studio\jbr\bin\jimage.dll
0x00007fff016b0000 - 0x00007fff018d1000 	C:\WINDOWS\SYSTEM32\DBGHELP.DLL
0x00007ffef97e0000 - 0x00007ffef9811000 	C:\WINDOWS\SYSTEM32\dbgcore.DLL
0x00007fff04720000 - 0x00007fff0479f000 	C:\WINDOWS\System32\bcryptPrimitives.dll
0x00007ffefb170000 - 0x00007ffefb195000 	D:\project\des\DevEco Studio\jbr\bin\java.dll
0x00007fff00520000 - 0x00007fff00538000 	D:\project\des\DevEco Studio\jbr\bin\zip.dll
0x00007fff064a0000 - 0x00007fff06c65000 	C:\WINDOWS\System32\SHELL32.dll
0x00007fff02460000 - 0x00007fff02cc4000 	C:\WINDOWS\SYSTEM32\windows.storage.dll
0x00007fff05c30000 - 0x00007fff05fa6000 	C:\WINDOWS\System32\combase.dll
0x00007fff022f0000 - 0x00007fff02457000 	C:\WINDOWS\SYSTEM32\wintypes.dll
0x00007fff04d30000 - 0x00007fff04e1a000 	C:\WINDOWS\System32\SHCORE.dll
0x00007fff05a80000 - 0x00007fff05add000 	C:\WINDOWS\System32\shlwapi.dll
0x00007fff042a0000 - 0x00007fff042c1000 	C:\WINDOWS\SYSTEM32\profapi.dll
0x00007ffef50b0000 - 0x00007ffef50c9000 	D:\project\des\DevEco Studio\jbr\bin\net.dll
0x00007ffefe290000 - 0x00007ffefe3a2000 	C:\WINDOWS\SYSTEM32\WINHTTP.dll
0x00007fff03980000 - 0x00007fff039e7000 	C:\WINDOWS\system32\mswsock.dll
0x00007ffef5090000 - 0x00007ffef50a6000 	D:\project\des\DevEco Studio\jbr\bin\nio.dll
0x00007ffefd6f0000 - 0x00007ffefd700000 	D:\project\des\DevEco Studio\jbr\bin\verify.dll
0x00007ffeefff0000 - 0x00007ffef0017000 	C:\Users\86132\.gradle\native\e1d6ef7f7dcc3fd88c89a11ec53ec762bb8ba0a96d01ffa2cd45eb1d1d8dd5c5\windows-amd64\native-platform.dll
0x00007ffeadce0000 - 0x00007ffeade24000 	C:\Users\86132\.gradle\native\5664cfc778a61ccfe75a443a1ab52a65af34e5dc3c78e0209fed803814484fcb\windows-amd64\native-platform-file-events.dll
0x00007ffefbd70000 - 0x00007ffefbd79000 	D:\project\des\DevEco Studio\jbr\bin\management.dll
0x00007ffefbcf0000 - 0x00007ffefbcfb000 	D:\project\des\DevEco Studio\jbr\bin\management_ext.dll
0x00007fff05840000 - 0x00007fff05848000 	C:\WINDOWS\System32\PSAPI.DLL
0x00007fff03be0000 - 0x00007fff03bf8000 	C:\WINDOWS\SYSTEM32\CRYPTSP.dll
0x00007fff03440000 - 0x00007fff03475000 	C:\WINDOWS\system32\rsaenh.dll
0x00007fff03a80000 - 0x00007fff03aa9000 	C:\WINDOWS\SYSTEM32\USERENV.dll
0x00007fff03d50000 - 0x00007fff03d77000 	C:\WINDOWS\SYSTEM32\bcrypt.dll
0x00007fff03bd0000 - 0x00007fff03bdc000 	C:\WINDOWS\SYSTEM32\CRYPTBASE.dll
0x00007fff03000000 - 0x00007fff0302d000 	C:\WINDOWS\SYSTEM32\IPHLPAPI.DLL
0x00007fff058b0000 - 0x00007fff058b9000 	C:\WINDOWS\System32\NSI.dll
0x00007ffefe260000 - 0x00007ffefe279000 	C:\WINDOWS\SYSTEM32\dhcpcsvc6.DLL
0x00007ffefe4f0000 - 0x00007ffefe50e000 	C:\WINDOWS\SYSTEM32\dhcpcsvc.DLL
0x00007fff03030000 - 0x00007fff03118000 	C:\WINDOWS\SYSTEM32\DNSAPI.dll
0x00007ffefb160000 - 0x00007ffefb16e000 	D:\project\des\DevEco Studio\jbr\bin\sunmscapi.dll
0x00007fff04490000 - 0x00007fff045f2000 	C:\WINDOWS\System32\CRYPT32.dll
0x00007fff03d20000 - 0x00007fff03d4a000 	C:\WINDOWS\SYSTEM32\ncrypt.dll
0x00007fff03ce0000 - 0x00007fff03d17000 	C:\WINDOWS\SYSTEM32\NTASN1.dll
0x00007ffefd6e0000 - 0x00007ffefd6e8000 	C:\WINDOWS\system32\wshunix.dll

dbghelp: loaded successfully - version: 4.0.5 - missing functions: none
symbol engine: initialized successfully - sym options: 0x614 - pdb path: .;D:\project\des\DevEco Studio\jbr\bin;C:\WINDOWS\SYSTEM32;C:\WINDOWS\WinSxS\amd64_microsoft.windows.common-controls_6595b64144ccf1df_6.0.22000.120_none_9d947278b86cc467;D:\project\des\DevEco Studio\jbr\bin\server;C:\Users\86132\.gradle\native\e1d6ef7f7dcc3fd88c89a11ec53ec762bb8ba0a96d01ffa2cd45eb1d1d8dd5c5\windows-amd64;C:\Users\86132\.gradle\native\5664cfc778a61ccfe75a443a1ab52a65af34e5dc3c78e0209fed803814484fcb\windows-amd64

VM Arguments:
jvm_args: --add-opens=java.base/java.util=ALL-UNNAMED --add-opens=java.base/java.lang=ALL-UNNAMED --add-opens=java.base/java.lang.invoke=ALL-UNNAMED --add-opens=java.base/java.util=ALL-UNNAMED --add-opens=java.prefs/java.util.prefs=ALL-UNNAMED --add-opens=java.prefs/java.util.prefs=ALL-UNNAMED --add-opens=java.base/java.nio.charset=ALL-UNNAMED --add-opens=java.base/java.net=ALL-UNNAMED --add-opens=java.base/java.util.concurrent.atomic=ALL-UNNAMED -XX:MaxMetaspaceSize=256m -XX:+HeapDumpOnOutOfMemoryError -Xms256m -Xmx512m -Dfile.encoding=UTF-8 -Duser.country=CN -Duser.language=zh -Duser.variant 
java_command: org.gradle.launcher.daemon.bootstrap.GradleDaemon 7.3
java_class_path (initial): C:\Users\86132\.gradle\wrapper\dists\gradle-7.3-bin\b383qceaqhj2gdf9n48ewex2u\gradle-7.3\lib\gradle-launcher-7.3.jar
Launcher Type: SUN_STANDARD

[Global flags]
     intx CICompilerCount                          = 12                                        {product} {ergonomic}
   size_t CompressedClassSpaceSize                 = 218103808                                 {product} {ergonomic}
     uint ConcGCThreads                            = 3                                         {product} {ergonomic}
     uint G1ConcRefinementThreads                  = 13                                        {product} {ergonomic}
   size_t G1HeapRegionSize                         = 1048576                                   {product} {ergonomic}
    uintx GCDrainStackTargetSize                   = 64                                        {product} {ergonomic}
     bool HeapDumpOnOutOfMemoryError               = true                                   {manageable} {command line}
   size_t InitialHeapSize                          = 268435456                                 {product} {command line}
   size_t MarkStackSize                            = 4194304                                   {product} {ergonomic}
   size_t MaxHeapSize                              = 536870912                                 {product} {command line}
   size_t MaxMetaspaceSize                         = 268435456                                 {product} {command line}
   size_t MaxNewSize                               = 321912832                                 {product} {ergonomic}
   size_t MinHeapDeltaBytes                        = 1048576                                   {product} {ergonomic}
   size_t MinHeapSize                              = 268435456                                 {product} {command line}
    uintx NonNMethodCodeHeapSize                   = 7602480                                {pd product} {ergonomic}
    uintx NonProfiledCodeHeapSize                  = 122027880                              {pd product} {ergonomic}
    uintx ProfiledCodeHeapSize                     = 122027880                              {pd product} {ergonomic}
    uintx ReservedCodeCacheSize                    = 251658240                              {pd product} {ergonomic}
     bool SegmentedCodeCache                       = true                                      {product} {ergonomic}
   size_t SoftMaxHeapSize                          = 536870912                              {manageable} {ergonomic}
     bool UseCompressedClassPointers               = true                           {product lp64_product} {ergonomic}
     bool UseCompressedOops                        = true                           {product lp64_product} {ergonomic}
     bool UseG1GC                                  = true                                      {product} {ergonomic}
     bool UseLargePagesIndividualAllocation        = false                                  {pd product} {ergonomic}

Logging:
Log output configuration:
 #0: stdout all=warning uptime,level,tags
 #1: stderr all=off uptime,level,tags

Environment Variables:
JAVA_HOME=C:\Program Files\Java\jdk-17
CLASSPATH=.;C:\Program Files\Java\jdk-17\lib\dt.jar;C:\Program Files\Java\jdk-17\lib\tools.jar; 
PATH=C:\Program Files\Common Files\Oracle\Java\javapath;C:\Windows\system32;C:\Windows;C:\Windows\System32\Wbem;C:\Windows\System32\WindowsPowerShell\v1.0\;C:\Windows\System32\OpenSSH\;C:\Program Files (x86)\NVIDIA Corporation\PhysX\Common;C:\WINDOWS\system32;C:\WINDOWS;C:\WINDOWS\System32\Wbem;C:\WINDOWS\System32\WindowsPowerShell\v1.0\;C:\WINDOWS\System32\OpenSSH\;C:\Program Files\Bandizip\;C:\Program Files\dotnet\;C:\Program Files\Java\jdk-17\bin;C:\Program Files\Java\jdk-17\jre\bin;;C:\Program Files\NVIDIA Corporation\NVIDIA App\NvDLISR;D:\MySQL\MySQL Shell 8.0\bin;C:\Users\86132\AppData\Local\Programs\Python\Python313\Scripts;C:\Users\86132\AppData\Local\Programs\Python\Python313;C:\Users\86132\AppData\Local\Programs\Python\Launcher;C:\Users\86132\AppData\Local\Microsoft\WindowsApps;D:\IntelliJ IDEA Community Edition 2024.3.2.2\bin;;D:\project\des\DevEco Studio\bin;;D:\Microsoft VS Code\bin;D:\DevTools\mysql-8.0.45-winx64\bin;D:\project\des\DevEco Studio\bin;
USERNAME=86132
OS=Windows_NT
PROCESSOR_IDENTIFIER=AMD64 Family 25 Model 80 Stepping 0, AuthenticAMD
TMP=C:\Users\86132\AppData\Local\Temp
TEMP=C:\Users\86132\AppData\Local\Temp



---------------  S Y S T E M  ---------------

OS:
 Windows 11 , 64 bit Build 22000 (10.0.22000.1761)
OS uptime: 0 days 0:15 hours

CPU: total 16 (initial active 16) (16 cores per cpu, 2 threads per core) family 25 model 80 stepping 0 microcode 0x0, cx8, cmov, fxsr, ht, mmx, 3dnowpref, sse, sse2, sse3, ssse3, sse4a, sse4.1, sse4.2, popcnt, lzcnt, tsc, tscinvbit, avx, avx2, aes, erms, clmul, bmi1, bmi2, adx, sha, fma, vzeroupper, clflush, clflushopt

Memory: 4k page, system-wide physical 14188M (7085M free)
TotalPageFile size 18284M (AvailPageFile size 110M)
current process WorkingSet (physical memory assigned to process): 376M, peak: 379M
current process commit charge ("private bytes"): 530M, peak: 535M

vm_info: OpenJDK 64-Bit Server VM (17.0.6+10-b829.5) for windows-amd64 JRE (17.0.6+10-b829.5), built on 2023-02-24 by "builduser" with MS VC++ 16.10 / 16.11 (VS2019)

END.
